/media/sanjiban/Applications1/GSoC21/root-dev/root_src/tmva/sofie/src/SOFIE_common.cxx: In function ‘std::vector<TMVA::Experimental::SOFIE::Dim> TMVA::Experimental::SOFIE::ConvertShapeToDim(std::vector<long unsigned int>)’:
/media/sanjiban/Applications1/GSoC21/root-dev/root_src/tmva/sofie/src/SOFIE_common.cxx:10:21: warning: comparison of integer expressions of different signedness: ‘int’ and ‘std::vector<long unsigned int>::size_type’ {aka ‘long unsigned int’} [-Wsign-compare]
   10 |    for (int i =0; i < shape.size(); i++){
      |                   ~~^~~~~~~~~~~~~~
/media/sanjiban/Applications1/GSoC21/root-dev/root_src/tmva/sofie/src/SOFIE_common.cxx: In instantiation of ‘T* TMVA::Experimental::SOFIE::UTILITY::Unidirectional_broadcast(const T*, std::vector<long unsigned int>, std::vector<long unsigned int>) [with T = float]’:
/media/sanjiban/Applications1/GSoC21/root-dev/root_src/tmva/sofie/src/SOFIE_common.cxx:103:159:   required from here
/media/sanjiban/Applications1/GSoC21/root-dev/root_src/tmva/sofie/src/SOFIE_common.cxx:57:25: warning: comparison of integer expressions of different signedness: ‘int’ and ‘std::vector<long unsigned int>::size_type’ {aka ‘long unsigned int’} [-Wsign-compare]
   57 |       for (int i = 0; i < original_shape.size(); i++){
      |                       ~~^~~~~~~~~~~~~~~~~~~~~~~
/media/sanjiban/Applications1/GSoC21/root-dev/root_src/tmva/sofie/src/SOFIE_common.cxx:60:25: warning: comparison of integer expressions of different signedness: ‘int’ and ‘std::vector<long unsigned int>::size_type’ {aka ‘long unsigned int’} [-Wsign-compare]
   60 |       for (int i = 0; i < target_shape.size(); i++){
      |                       ~~^~~~~~~~~~~~~~~~~~~~~
/media/sanjiban/Applications1/GSoC21/root-dev/root_src/tmva/sofie/src/SOFIE_common.cxx:80:37: warning: comparison of integer expressions of different signedness: ‘int’ and ‘std::vector<long unsigned int>::size_type’ {aka ‘long unsigned int’} [-Wsign-compare]
   80 |             for (int i = dim + 1; i < target_shape.size(); i++){
      |                                   ~~^~~~~~~~~~~~~~~~~~~~~
/media/sanjiban/Applications1/GSoC21/root-dev/root_src/tmva/sofie/src/RModel.cxx: In member function ‘void TMVA::Experimental::SOFIE::RModel::Generate()’:
/media/sanjiban/Applications1/GSoC21/root-dev/root_src/tmva/sofie/src/RModel.cxx:184:35: warning: comparison of integer expressions of different signedness: ‘int’ and ‘size_t’ {aka ‘long unsigned int’} [-Wsign-compare]
  184 |             for (int idx = 0; idx < length-1; idx++){
      |                               ~~~~^~~~~~~~~~
/media/sanjiban/Applications1/GSoC21/root-dev/root_src/tmva/sofie/src/RModel.cxx:228:27: warning: comparison of integer expressions of different signedness: ‘int’ and ‘std::vector<std::unique_ptr<TMVA::Experimental::SOFIE::ROperator> >::size_type’ {aka ‘long unsigned int’} [-Wsign-compare]
  228 |       for (int id = 0; id < fOperators.size() ; id++){
      |                        ~~~^~~~~~~~~~~~~~~~~~~
/media/sanjiban/Applications1/GSoC21/root-dev/root_src/tmva/sofie/src/RModel.cxx: In member function ‘void TMVA::Experimental::SOFIE::RModel::PrintRequiredInputTensors()’:
/media/sanjiban/Applications1/GSoC21/root-dev/root_src/tmva/sofie/src/RModel.cxx:249:28: warning: comparison of integer expressions of different signedness: ‘int’ and ‘std::vector<TMVA::Experimental::SOFIE::Dim>::size_type’ {aka ‘long unsigned int’} [-Wsign-compare]
  249 |          for (int i = 0; i < inputInfo.second.shape.size(); i++){
      |                          ~~^~~~~~~~~~~~~~~~~~~~~~~~~~~~~~~
/media/sanjiban/Applications1/GSoC21/root-dev/root_src/tmva/sofie/src/RModel.cxx:255:19: warning: comparison of integer expressions of different signedness: ‘int’ and ‘std::vector<TMVA::Experimental::SOFIE::Dim>::size_type’ {aka ‘long unsigned int’} [-Wsign-compare]
  255 |             if (i < inputInfo.second.shape.size() - 1) std::cout << ",";
      |                 ~~^~~~~~~~~~~~~~~~~~~~~~~~~~~~~~~~~~~
/media/sanjiban/Applications1/GSoC21/root-dev/root_src/tmva/sofie/src/RModel.cxx:264:28: warning: comparison of integer expressions of different signedness: ‘int’ and ‘std::vector<long unsigned int>::size_type’ {aka ‘long unsigned int’} [-Wsign-compare]
  264 |          for (int i = 0; i < inputInfo.second.shape.size(); i++){
      |                          ~~^~~~~~~~~~~~~~~~~~~~~~~~~~~~~~~
/media/sanjiban/Applications1/GSoC21/root-dev/root_src/tmva/sofie/src/RModel.cxx:266:19: warning: comparison of integer expressions of different signedness: ‘int’ and ‘std::vector<long unsigned int>::size_type’ {aka ‘long unsigned int’} [-Wsign-compare]
  266 |             if (i < inputInfo.second.shape.size() - 1) std::cout << ",";
      |                 ~~^~~~~~~~~~~~~~~~~~~~~~~~~~~~~~~~~~~
/media/sanjiban/Applications1/GSoC21/root-dev/root_src/tmva/sofie/src/RModel.cxx: In member function ‘void TMVA::Experimental::SOFIE::RModel::PrintInitializedTensors()’:
/media/sanjiban/Applications1/GSoC21/root-dev/root_src/tmva/sofie/src/RModel.cxx:279:28: warning: comparison of integer expressions of different signedness: ‘int’ and ‘std::vector<long unsigned int>::size_type’ {aka ‘long unsigned int’} [-Wsign-compare]
  279 |          for (int i = 0; i < it.second.shape.size(); i++){
      |                          ~~^~~~~~~~~~~~~~~~~~~~~~~~
/media/sanjiban/Applications1/GSoC21/root-dev/root_src/tmva/sofie/src/RModel.cxx:281:19: warning: comparison of integer expressions of different signedness: ‘int’ and ‘std::vector<long unsigned int>::size_type’ {aka ‘long unsigned int’} [-Wsign-compare]
  281 |             if (i < it.second.shape.size() - 1) std::cout << ",";
      |                 ~~^~~~~~~~~~~~~~~~~~~~~~~~~~~~
/media/sanjiban/Applications1/GSoC21/root-dev/root_src/tmva/sofie/src/RModel.cxx: In member function ‘void TMVA::Experimental::SOFIE::RModel::PrintIntermediateTensors()’:
/media/sanjiban/Applications1/GSoC21/root-dev/root_src/tmva/sofie/src/RModel.cxx:293:28: warning: comparison of integer expressions of different signedness: ‘int’ and ‘std::vector<long unsigned int>::size_type’ {aka ‘long unsigned int’} [-Wsign-compare]
  293 |          for (int i = 0; i < it.second.shape.size(); i++){
      |                          ~~^~~~~~~~~~~~~~~~~~~~~~~~
/media/sanjiban/Applications1/GSoC21/root-dev/root_src/tmva/sofie/src/RModel.cxx:295:19: warning: comparison of integer expressions of different signedness: ‘int’ and ‘std::vector<long unsigned int>::size_type’ {aka ‘long unsigned int’} [-Wsign-compare]
  295 |             if (i < it.second.shape.size() - 1) std::cout << ",";
      |                 ~~^~~~~~~~~~~~~~~~~~~~~~~~~~~~
/media/sanjiban/Applications1/GSoC21/root-dev/root_src/tmva/sofie/src/RModel.cxx: In member function ‘void TMVA::Experimental::SOFIE::RModel::HeadInitializedTensors(std::string, int)’:
/media/sanjiban/Applications1/GSoC21/root-dev/root_src/tmva/sofie/src/RModel.cxx:312:25: warning: comparison of integer expressions of different signedness: ‘int’ and ‘std::vector<long unsigned int>::size_type’ {aka ‘long unsigned int’} [-Wsign-compare]
  312 |       for (int i = 0; i < it->second.shape.size(); i++){
      |                       ~~^~~~~~~~~~~~~~~~~~~~~~~~~
/media/sanjiban/Applications1/GSoC21/root-dev/root_src/tmva/sofie/src/RModel.cxx:315:16: warning: comparison of integer expressions of different signedness: ‘int’ and ‘std::vector<long unsigned int>::size_type’ {aka ‘long unsigned int’} [-Wsign-compare]
  315 |          if (i < it->second.shape.size() - 1) std::cout << ",";
      |              ~~^~~~~~~~~~~~~~~~~~~~~~~~~~~~~
/media/sanjiban/Applications1/GSoC21/root-dev/root_src/tmva/sofie/src/RModel.cxx:319:19: warning: comparison of integer expressions of different signedness: ‘int’ and ‘std::size_t’ {aka ‘long unsigned int’} [-Wsign-compare]
  319 |       if (n_print > length){
      |           ~~~~~~~~^~~~~~~~
/media/sanjiban/Applications1/GSoC21/root-dev/root_src/tmva/sofie/src/RModel.cxx:325:13: warning: enumeration value ‘UNDEFINED’ not handled in switch [-Wswitch]
  325 |       switch(it->second.type){
      |             ^
/media/sanjiban/Applications1/GSoC21/root-dev/root_src/tmva/sofie/src/RModel.cxx:325:13: warning: enumeration value ‘UNINT8’ not handled in switch [-Wswitch]
/media/sanjiban/Applications1/GSoC21/root-dev/root_src/tmva/sofie/src/RModel.cxx:325:13: warning: enumeration value ‘INT8’ not handled in switch [-Wswitch]
/media/sanjiban/Applications1/GSoC21/root-dev/root_src/tmva/sofie/src/RModel.cxx:325:13: warning: enumeration value ‘UINT16’ not handled in switch [-Wswitch]
/media/sanjiban/Applications1/GSoC21/root-dev/root_src/tmva/sofie/src/RModel.cxx:325:13: warning: enumeration value ‘INT16’ not handled in switch [-Wswitch]
/media/sanjiban/Applications1/GSoC21/root-dev/root_src/tmva/sofie/src/RModel.cxx:325:13: warning: enumeration value ‘INT32’ not handled in switch [-Wswitch]
/media/sanjiban/Applications1/GSoC21/root-dev/root_src/tmva/sofie/src/RModel.cxx:325:13: warning: enumeration value ‘INT64’ not handled in switch [-Wswitch]
/media/sanjiban/Applications1/GSoC21/root-dev/root_src/tmva/sofie/src/RModel.cxx:325:13: warning: enumeration value ‘STRING’ not handled in switch [-Wswitch]
/media/sanjiban/Applications1/GSoC21/root-dev/root_src/tmva/sofie/src/RModel.cxx:325:13: warning: enumeration value ‘BOOL’ not handled in switch [-Wswitch]
/media/sanjiban/Applications1/GSoC21/root-dev/root_src/tmva/sofie/src/RModel.cxx:325:13: warning: enumeration value ‘FLOAT16’ not handled in switch [-Wswitch]
/media/sanjiban/Applications1/GSoC21/root-dev/root_src/tmva/sofie/src/RModel.cxx:325:13: warning: enumeration value ‘DOUBLE’ not handled in switch [-Wswitch]
/media/sanjiban/Applications1/GSoC21/root-dev/root_src/tmva/sofie/src/RModel.cxx:325:13: warning: enumeration value ‘UINT32’ not handled in switch [-Wswitch]
/media/sanjiban/Applications1/GSoC21/root-dev/root_src/tmva/sofie/src/RModel.cxx:325:13: warning: enumeration value ‘UINT64’ not handled in switch [-Wswitch]
/media/sanjiban/Applications1/GSoC21/root-dev/root_src/tmva/sofie/src/RModel.cxx:325:13: warning: enumeration value ‘COMPLEX64’ not handled in switch [-Wswitch]
/media/sanjiban/Applications1/GSoC21/root-dev/root_src/tmva/sofie/src/RModel.cxx:325:13: warning: enumeration value ‘COMPLEX28’ not handled in switch [-Wswitch]
/media/sanjiban/Applications1/GSoC21/root-dev/root_src/tmva/sofie/src/RModel.cxx:325:13: warning: enumeration value ‘BFLOAT16’ not handled in switch [-Wswitch]
/media/sanjiban/Applications1/GSoC21/root-dev/root_src/tmva/sofie/src/RModelParser_ONNX.cxx: In function ‘std::unique_ptr<TMVA::Experimental::SOFIE::ROperator> TMVA::Experimental::SOFIE::INTERNAL::make_ROperator_Transpose(const onnx::NodeProto&, const onnx::GraphProto&, std::unordered_map<std::__cxx11::basic_string<char>, TMVA::Experimental::SOFIE::ETensorType>&)’:
/media/sanjiban/Applications1/GSoC21/root-dev/root_src/tmva/sofie/src/RModelParser_ONNX.cxx:61:20: warning: moving a local object in a return statement prevents copy elision [-Wpessimizing-move]
   61 |    return std::move(op);
      |           ~~~~~~~~~^~~~
/media/sanjiban/Applications1/GSoC21/root-dev/root_src/tmva/sofie/src/RModelParser_ONNX.cxx:61:20: note: remove ‘std::move’ call
/media/sanjiban/Applications1/GSoC21/root-dev/root_src/tmva/sofie/src/RModelParser_ONNX.cxx:23:111: warning: unused parameter ‘graphproto’ [-Wunused-parameter]
   23 | std::unique_ptr<ROperator> make_ROperator_Transpose(const onnx::NodeProto& nodeproto, const onnx::GraphProto& graphproto, std::unordered_map<std::string, ETensorType>& tensor_type){
      |                                                                                       ~~~~~~~~~~~~~~~~~~~~~~~~^~~~~~~~~~
/media/sanjiban/Applications1/GSoC21/root-dev/root_src/tmva/sofie/src/RModelParser_ONNX.cxx: In function ‘std::unique_ptr<TMVA::Experimental::SOFIE::ROperator> TMVA::Experimental::SOFIE::INTERNAL::make_ROperator_Relu(const onnx::NodeProto&, const onnx::GraphProto&, std::unordered_map<std::__cxx11::basic_string<char>, TMVA::Experimental::SOFIE::ETensorType>&)’:
/media/sanjiban/Applications1/GSoC21/root-dev/root_src/tmva/sofie/src/RModelParser_ONNX.cxx:93:20: warning: moving a local object in a return statement prevents copy elision [-Wpessimizing-move]
   93 |    return std::move(op);
      |           ~~~~~~~~~^~~~
/media/sanjiban/Applications1/GSoC21/root-dev/root_src/tmva/sofie/src/RModelParser_ONNX.cxx:93:20: note: remove ‘std::move’ call
/media/sanjiban/Applications1/GSoC21/root-dev/root_src/tmva/sofie/src/RModelParser_ONNX.cxx:64:106: warning: unused parameter ‘graphproto’ [-Wunused-parameter]
   64 | std::unique_ptr<ROperator> make_ROperator_Relu(const onnx::NodeProto& nodeproto, const onnx::GraphProto& graphproto, std::unordered_map<std::string, ETensorType>& tensor_type){
      |                                                                                  ~~~~~~~~~~~~~~~~~~~~~~~~^~~~~~~~~~
/media/sanjiban/Applications1/GSoC21/root-dev/root_src/tmva/sofie/src/RModelParser_ONNX.cxx: In function ‘std::unique_ptr<TMVA::Experimental::SOFIE::ROperator> TMVA::Experimental::SOFIE::INTERNAL::make_ROperator_Gemm(const onnx::NodeProto&, const onnx::GraphProto&, std::unordered_map<std::__cxx11::basic_string<char>, TMVA::Experimental::SOFIE::ETensorType>&)’:
/media/sanjiban/Applications1/GSoC21/root-dev/root_src/tmva/sofie/src/RModelParser_ONNX.cxx:152:20: warning: moving a local object in a return statement prevents copy elision [-Wpessimizing-move]
  152 |    return std::move(op);
      |           ~~~~~~~~~^~~~
/media/sanjiban/Applications1/GSoC21/root-dev/root_src/tmva/sofie/src/RModelParser_ONNX.cxx:152:20: note: remove ‘std::move’ call
/media/sanjiban/Applications1/GSoC21/root-dev/root_src/tmva/sofie/src/RModelParser_ONNX.cxx:96:106: warning: unused parameter ‘graphproto’ [-Wunused-parameter]
   96 | std::unique_ptr<ROperator> make_ROperator_Gemm(const onnx::NodeProto& nodeproto, const onnx::GraphProto& graphproto, std::unordered_map<std::string, ETensorType>& tensor_type){
      |                                                                                  ~~~~~~~~~~~~~~~~~~~~~~~~^~~~~~~~~~
/media/sanjiban/Applications1/GSoC21/root-dev/root_src/tmva/sofie/src/RModelParser_ONNX.cxx: In member function ‘TMVA::Experimental::SOFIE::RModel TMVA::Experimental::SOFIE::RModelParser_ONNX::Parse(std::string)’:
/media/sanjiban/Applications1/GSoC21/root-dev/root_src/tmva/sofie/src/RModelParser_ONNX.cxx:187:15: error: ‘class onnx::ModelProto’ has no member named ‘ParseFromIstream’; did you mean ‘ParseFromString’?
  187 |    if (!model.ParseFromIstream(&input)){
      |               ^~~~~~~~~~~~~~~~
      |               ParseFromString
/media/sanjiban/Applications1/GSoC21/root-dev/root_src/tmva/sofie/src/RModelParser_ONNX.cxx:195:13: warning: declaration of ‘i’ shadows a previous local [-Wshadow]
  195 |    for (int i=0; i < graph.initializer_size(); i++){
      |             ^
/media/sanjiban/Applications1/GSoC21/root-dev/root_src/tmva/sofie/src/RModelParser_ONNX.cxx:164:11: note: shadowed declaration is here
  164 |    size_t i = filename.rfind(sep, filename.length());
      |           ^
/media/sanjiban/Applications1/GSoC21/root-dev/root_src/tmva/sofie/src/RModelParser_ONNX.cxx:200:13: warning: declaration of ‘i’ shadows a previous local [-Wshadow]
  200 |    for (int i=0; i < graph.input_size(); i++){
      |             ^
/media/sanjiban/Applications1/GSoC21/root-dev/root_src/tmva/sofie/src/RModelParser_ONNX.cxx:164:11: note: shadowed declaration is here
  164 |    size_t i = filename.rfind(sep, filename.length());
      |           ^
/media/sanjiban/Applications1/GSoC21/root-dev/root_src/tmva/sofie/src/RModelParser_ONNX.cxx:217:16: warning: declaration of ‘i’ shadows a previous local [-Wshadow]
  217 |       for (int i = 0; i < valueinfoproto.type().tensor_type().shape().dim_size(); i++){
      |                ^
/media/sanjiban/Applications1/GSoC21/root-dev/root_src/tmva/sofie/src/RModelParser_ONNX.cxx:200:13: note: shadowed declaration is here
  200 |    for (int i=0; i < graph.input_size(); i++){
      |             ^
/media/sanjiban/Applications1/GSoC21/root-dev/root_src/tmva/sofie/src/RModelParser_ONNX.cxx:238:21: warning: declaration of ‘i’ shadows a previous local [-Wshadow]
  238 |          for (auto& i: fShape){
      |                     ^
/media/sanjiban/Applications1/GSoC21/root-dev/root_src/tmva/sofie/src/RModelParser_ONNX.cxx:200:13: note: shadowed declaration is here
  200 |    for (int i=0; i < graph.input_size(); i++){
      |             ^
/media/sanjiban/Applications1/GSoC21/root-dev/root_src/tmva/sofie/src/RModelParser_ONNX.cxx:249:13: warning: declaration of ‘i’ shadows a previous local [-Wshadow]
  249 |    for (int i=0; i < graph.initializer_size(); i++){
      |             ^
/media/sanjiban/Applications1/GSoC21/root-dev/root_src/tmva/sofie/src/RModelParser_ONNX.cxx:164:11: note: shadowed declaration is here
  164 |    size_t i = filename.rfind(sep, filename.length());
      |           ^
/media/sanjiban/Applications1/GSoC21/root-dev/root_src/tmva/sofie/src/RModelParser_ONNX.cxx:253:16: warning: declaration of ‘i’ shadows a previous local [-Wshadow]
  253 |       for (int i = 0; i < tensorproto->dims_size(); i++){
      |                ^
/media/sanjiban/Applications1/GSoC21/root-dev/root_src/tmva/sofie/src/RModelParser_ONNX.cxx:249:13: note: shadowed declaration is here
  249 |    for (int i=0; i < graph.initializer_size(); i++){
      |             ^
/media/sanjiban/Applications1/GSoC21/root-dev/root_src/tmva/sofie/src/RModelParser_ONNX.cxx:281:13: warning: declaration of ‘i’ shadows a previous local [-Wshadow]
  281 |    for (int i=0; i < graph.node_size(); i++){
      |             ^
/media/sanjiban/Applications1/GSoC21/root-dev/root_src/tmva/sofie/src/RModelParser_ONNX.cxx:164:11: note: shadowed declaration is here
  164 |    size_t i = filename.rfind(sep, filename.length());
      |           ^
/media/sanjiban/Applications1/GSoC21/root-dev/root_src/tmva/sofie/src/RModelParser_ONNX.cxx:286:13: warning: declaration of ‘i’ shadows a previous local [-Wshadow]
  286 |    for (int i=0; i < graph.output_size(); i++){
      |             ^
/media/sanjiban/Applications1/GSoC21/root-dev/root_src/tmva/sofie/src/RModelParser_ONNX.cxx:164:11: note: shadowed declaration is here
  164 |    size_t i = filename.rfind(sep, filename.length());
      |           ^
In file included from /media/sanjiban/Applications1/GSoC21/root-dev/root_src/tmva/sofie/inc/TMVA/OperatorList.hxx:2,
                 from /media/sanjiban/Applications1/GSoC21/root-dev/root_src/tmva/sofie/inc/TMVA/RModelParser_ONNX.hxx:8,
                 from /media/sanjiban/Applications1/GSoC21/root-dev/root_src/tmva/sofie/src/RModelParser_ONNX.cxx:1:
/media/sanjiban/Applications1/GSoC21/root-dev/root_src/tmva/sofie/inc/TMVA/ROperator_Gemm.hxx: In instantiation of ‘void TMVA::Experimental::SOFIE::ROperator_Gemm<T>::Initialize(TMVA::Experimental::SOFIE::RModel&) [with T = float]’:
/media/sanjiban/Applications1/GSoC21/root-dev/root_src/tmva/sofie/inc/TMVA/ROperator_Gemm.hxx:99:12:   required from here
/media/sanjiban/Applications1/GSoC21/root-dev/root_src/tmva/sofie/inc/TMVA/ROperator_Gemm.hxx:123:30: warning: comparison of integer expressions of different signedness: ‘int’ and ‘std::vector<long unsigned int>::size_type’ {aka ‘long unsigned int’} [-Wsign-compare]
  123 |             for (int i =0; i < fShapeC.size(); i++){
      |                            ~~^~~~~~~~~~~~~~~~
In file included from /media/sanjiban/Applications1/GSoC21/root-dev/root_src/tmva/sofie/inc/TMVA/OperatorList.hxx:1,
                 from /media/sanjiban/Applications1/GSoC21/root-dev/root_src/tmva/sofie/inc/TMVA/RModelParser_ONNX.hxx:8,
                 from /media/sanjiban/Applications1/GSoC21/root-dev/root_src/tmva/sofie/src/RModelParser_ONNX.cxx:1:
/media/sanjiban/Applications1/GSoC21/root-dev/root_src/tmva/sofie/inc/TMVA/ROperator_Transpose.hxx: In instantiation of ‘std::vector<std::vector<long unsigned int> > TMVA::Experimental::SOFIE::ROperator_Transpose<T>::ShapeInference(std::vector<std::vector<long unsigned int> >) [with T = float]’:
/media/sanjiban/Applications1/GSoC21/root-dev/root_src/tmva/sofie/inc/TMVA/ROperator_Transpose.hxx:44:37:   required from here
/media/sanjiban/Applications1/GSoC21/root-dev/root_src/tmva/sofie/inc/TMVA/ROperator_Transpose.hxx:48:25: warning: comparison of integer expressions of different signedness: ‘int’ and ‘std::vector<long int>::size_type’ {aka ‘long unsigned int’} [-Wsign-compare]
   48 |       for (int i = 0; i < fAttrPerm.size(); i++){
      |                       ~~^~~~~~~~~~~~~~~~~~
In file included from /media/sanjiban/Applications1/GSoC21/root-dev/root_src/tmva/sofie/inc/TMVA/OperatorList.hxx:1,
                 from /media/sanjiban/Applications1/GSoC21/root-dev/root_src/tmva/sofie/inc/TMVA/RModelParser_ONNX.hxx:8,
                 from /media/sanjiban/Applications1/GSoC21/root-dev/root_src/tmva/sofie/src/RModelParser_ONNX.cxx:1:
/media/sanjiban/Applications1/GSoC21/root-dev/root_src/tmva/sofie/inc/TMVA/ROperator_Transpose.hxx: In instantiation of ‘void TMVA::Experimental::SOFIE::ROperator_Transpose<T>::Initialize(TMVA::Experimental::SOFIE::RModel&) [with T = float]’:
/media/sanjiban/Applications1/GSoC21/root-dev/root_src/tmva/sofie/inc/TMVA/ROperator_Transpose.hxx:57:9:   required from here
/media/sanjiban/Applications1/GSoC21/root-dev/root_src/tmva/sofie/inc/TMVA/ROperator_Transpose.hxx:69:25: warning: comparison of integer expressions of different signedness: ‘int’ and ‘std::vector<long int>::size_type’ {aka ‘long unsigned int’} [-Wsign-compare]
   69 |       for (int i = 0; i < fAttrPerm.size(); i++){
      |                       ~~^~~~~~~~~~~~~~~~~~
make[2]: *** [tmva/sofie/CMakeFiles/ROOTTMVASofie.dir/build.make:84: tmva/sofie/CMakeFiles/ROOTTMVASofie.dir/src/RModelParser_ONNX.cxx.o] Error 1
make[2]: *** Waiting for unfinished jobs....
make[1]: *** [CMakeFiles/Makefile2:43119: tmva/sofie/CMakeFiles/ROOTTMVASofie.dir/all] Error 2
make: *** [Makefile:152: all] Error 2

