root [0] using namespace TMVA::Experimental::SOFIE;
root [1] RModel rmodel=PyKeras::Parse("model.h5");

 *** Break *** segmentation violation



===========================================================
There was a crash.
This is the entire stack trace of all threads:
===========================================================

Thread 8 (Thread 0x7f5a846ea700 (LWP 110953)):
#0  futex_wait_cancelable (private=<optimized out>, expected=0, futex_word=0x7f5a936fce60 <thread_status+864>) at ../sysdeps/nptl/futex-internal.h:183
#1  __pthread_cond_wait_common (abstime=0x0, clockid=0, mutex=0x7f5a936fce10 <thread_status+784>, cond=0x7f5a936fce38 <thread_status+824>) at pthread_cond_wait.c:508
#2  __pthread_cond_wait (cond=0x7f5a936fce38 <thread_status+824>, mutex=0x7f5a936fce10 <thread_status+784>) at pthread_cond_wait.c:638
#3  0x00007f5a91cfe60b in blas_thread_server () from /home/sanjiban/anaconda3/lib/python3.8/site-packages/numpy/core/../../numpy.libs/libopenblasp-r0-34a18dc3.3.7.so
#4  0x00007f5aa91fd609 in start_thread (arg=<optimized out>) at pthread_create.c:477
#5  0x00007f5aa93f9293 in clone () at ../sysdeps/unix/sysv/linux/x86_64/clone.S:95

Thread 7 (Thread 0x7f5a86eeb700 (LWP 110952)):
#0  futex_wait_cancelable (private=<optimized out>, expected=0, futex_word=0x7f5a936fcde0 <thread_status+736>) at ../sysdeps/nptl/futex-internal.h:183
#1  __pthread_cond_wait_common (abstime=0x0, clockid=0, mutex=0x7f5a936fcd90 <thread_status+656>, cond=0x7f5a936fcdb8 <thread_status+696>) at pthread_cond_wait.c:508
#2  __pthread_cond_wait (cond=0x7f5a936fcdb8 <thread_status+696>, mutex=0x7f5a936fcd90 <thread_status+656>) at pthread_cond_wait.c:638
#3  0x00007f5a91cfe60b in blas_thread_server () from /home/sanjiban/anaconda3/lib/python3.8/site-packages/numpy/core/../../numpy.libs/libopenblasp-r0-34a18dc3.3.7.so
#4  0x00007f5aa91fd609 in start_thread (arg=<optimized out>) at pthread_create.c:477
#5  0x00007f5aa93f9293 in clone () at ../sysdeps/unix/sysv/linux/x86_64/clone.S:95

Thread 6 (Thread 0x7f5a8b6ec700 (LWP 110951)):
#0  futex_wait_cancelable (private=<optimized out>, expected=0, futex_word=0x7f5a936fcd60 <thread_status+608>) at ../sysdeps/nptl/futex-internal.h:183
#1  __pthread_cond_wait_common (abstime=0x0, clockid=0, mutex=0x7f5a936fcd10 <thread_status+528>, cond=0x7f5a936fcd38 <thread_status+568>) at pthread_cond_wait.c:508
#2  __pthread_cond_wait (cond=0x7f5a936fcd38 <thread_status+568>, mutex=0x7f5a936fcd10 <thread_status+528>) at pthread_cond_wait.c:638
#3  0x00007f5a91cfe60b in blas_thread_server () from /home/sanjiban/anaconda3/lib/python3.8/site-packages/numpy/core/../../numpy.libs/libopenblasp-r0-34a18dc3.3.7.so
#4  0x00007f5aa91fd609 in start_thread (arg=<optimized out>) at pthread_create.c:477
#5  0x00007f5aa93f9293 in clone () at ../sysdeps/unix/sysv/linux/x86_64/clone.S:95

Thread 5 (Thread 0x7f5a8beed700 (LWP 110950)):
#0  futex_wait_cancelable (private=<optimized out>, expected=0, futex_word=0x7f5a936fcce0 <thread_status+480>) at ../sysdeps/nptl/futex-internal.h:183
#1  __pthread_cond_wait_common (abstime=0x0, clockid=0, mutex=0x7f5a936fcc90 <thread_status+400>, cond=0x7f5a936fccb8 <thread_status+440>) at pthread_cond_wait.c:508
#2  __pthread_cond_wait (cond=0x7f5a936fccb8 <thread_status+440>, mutex=0x7f5a936fcc90 <thread_status+400>) at pthread_cond_wait.c:638
#3  0x00007f5a91cfe60b in blas_thread_server () from /home/sanjiban/anaconda3/lib/python3.8/site-packages/numpy/core/../../numpy.libs/libopenblasp-r0-34a18dc3.3.7.so
#4  0x00007f5aa91fd609 in start_thread (arg=<optimized out>) at pthread_create.c:477
#5  0x00007f5aa93f9293 in clone () at ../sysdeps/unix/sysv/linux/x86_64/clone.S:95

Thread 4 (Thread 0x7f5a906ee700 (LWP 110949)):
#0  futex_wait_cancelable (private=<optimized out>, expected=0, futex_word=0x7f5a936fcc60 <thread_status+352>) at ../sysdeps/nptl/futex-internal.h:183
#1  __pthread_cond_wait_common (abstime=0x0, clockid=0, mutex=0x7f5a936fcc10 <thread_status+272>, cond=0x7f5a936fcc38 <thread_status+312>) at pthread_cond_wait.c:508
#2  __pthread_cond_wait (cond=0x7f5a936fcc38 <thread_status+312>, mutex=0x7f5a936fcc10 <thread_status+272>) at pthread_cond_wait.c:638
#3  0x00007f5a91cfe60b in blas_thread_server () from /home/sanjiban/anaconda3/lib/python3.8/site-packages/numpy/core/../../numpy.libs/libopenblasp-r0-34a18dc3.3.7.so
#4  0x00007f5aa91fd609 in start_thread (arg=<optimized out>) at pthread_create.c:477
#5  0x00007f5aa93f9293 in clone () at ../sysdeps/unix/sysv/linux/x86_64/clone.S:95

Thread 3 (Thread 0x7f5a90eef700 (LWP 110948)):
#0  futex_wait_cancelable (private=<optimized out>, expected=0, futex_word=0x7f5a936fcbe0 <thread_status+224>) at ../sysdeps/nptl/futex-internal.h:183
#1  __pthread_cond_wait_common (abstime=0x0, clockid=0, mutex=0x7f5a936fcb90 <thread_status+144>, cond=0x7f5a936fcbb8 <thread_status+184>) at pthread_cond_wait.c:508
#2  __pthread_cond_wait (cond=0x7f5a936fcbb8 <thread_status+184>, mutex=0x7f5a936fcb90 <thread_status+144>) at pthread_cond_wait.c:638
#3  0x00007f5a91cfe60b in blas_thread_server () from /home/sanjiban/anaconda3/lib/python3.8/site-packages/numpy/core/../../numpy.libs/libopenblasp-r0-34a18dc3.3.7.so
#4  0x00007f5aa91fd609 in start_thread (arg=<optimized out>) at pthread_create.c:477
#5  0x00007f5aa93f9293 in clone () at ../sysdeps/unix/sysv/linux/x86_64/clone.S:95

Thread 2 (Thread 0x7f5a916f0700 (LWP 110947)):
#0  futex_wait_cancelable (private=<optimized out>, expected=0, futex_word=0x7f5a936fcb60 <thread_status+96>) at ../sysdeps/nptl/futex-internal.h:183
#1  __pthread_cond_wait_common (abstime=0x0, clockid=0, mutex=0x7f5a936fcb10 <thread_status+16>, cond=0x7f5a936fcb38 <thread_status+56>) at pthread_cond_wait.c:508
#2  __pthread_cond_wait (cond=0x7f5a936fcb38 <thread_status+56>, mutex=0x7f5a936fcb10 <thread_status+16>) at pthread_cond_wait.c:638
#3  0x00007f5a91cfe60b in blas_thread_server () from /home/sanjiban/anaconda3/lib/python3.8/site-packages/numpy/core/../../numpy.libs/libopenblasp-r0-34a18dc3.3.7.so
#4  0x00007f5aa91fd609 in start_thread (arg=<optimized out>) at pthread_create.c:477
#5  0x00007f5aa93f9293 in clone () at ../sysdeps/unix/sysv/linux/x86_64/clone.S:95

Thread 1 (Thread 0x7f5aa90a0a40 (LWP 110919)):
#0  0x00007f5aa93bcdff in __GI___wait4 (pid=110957, stat_loc=stat_loc
entry=0x7ffd26a2d928, options=options
entry=0, usage=usage
entry=0x0) at ../sysdeps/unix/sysv/linux/wait4.c:27
#1  0x00007f5aa93bcd7b in __GI___waitpid (pid=<optimized out>, stat_loc=stat_loc
entry=0x7ffd26a2d928, options=options
entry=0) at waitpid.c:38
#2  0x00007f5aa932c0e7 in do_system (line=<optimized out>) at ../sysdeps/posix/system.c:172
#3  0x00007f5aa99fb7ee in TUnixSystem::StackTrace() () from /media/sanjiban/Applications1/GSoC21/root-dev/install/lib/libCore.so
#4  0x00007f5aa99f8675 in TUnixSystem::DispatchSignals(ESignals) () from /media/sanjiban/Applications1/GSoC21/root-dev/install/lib/libCore.so
#5  <signal handler called>
#6  0x00007f5a7d862893 in std::_Hashtable<std::string, std::string, std::allocator<std::string>, std::__detail::_Identity, std::equal_to<std::string>, std::hash<std::string>, std::__detail::_Mod_range_hashing, std::__detail::_Default_ranged_hash, std::__detail::_Prime_rehash_policy, std::__detail::_Hashtable_traits<true, true, true> >::clear() () from /home/sanjiban/anaconda3/lib/python3.8/site-packages/google/protobuf/pyext/_message.cpython-38-x86_64-linux-gnu.so
#7  0x00007f5a7d851d98 in google::protobuf::DescriptorPool::FindFileByName(std::string const&) const () from /home/sanjiban/anaconda3/lib/python3.8/site-packages/google/protobuf/pyext/_message.cpython-38-x86_64-linux-gnu.so
#8  0x00007f5a7d8083ae in ?? () from /home/sanjiban/anaconda3/lib/python3.8/site-packages/google/protobuf/pyext/_message.cpython-38-x86_64-linux-gnu.so
#9  0x00007f5a94b3aeed in ?? () from /lib/x86_64-linux-gnu/libpython3.8.so.1.0
#10 0x00007f5a9490ed6d in ?? () from /lib/x86_64-linux-gnu/libpython3.8.so.1.0
#11 0x00007f5a94910018 in _PyEval_EvalFrameDefault () from /lib/x86_64-linux-gnu/libpython3.8.so.1.0
#12 0x00007f5a94a64d3b in _PyEval_EvalCodeWithName () from /lib/x86_64-linux-gnu/libpython3.8.so.1.0
#13 0x00007f5a94b41de4 in _PyFunction_Vectorcall () from /lib/x86_64-linux-gnu/libpython3.8.so.1.0
#14 0x00007f5a94b44059 in _PyObject_FastCallDict () from /lib/x86_64-linux-gnu/libpython3.8.so.1.0
#15 0x00007f5a94b441dd in _PyObject_Call_Prepend () from /lib/x86_64-linux-gnu/libpython3.8.so.1.0
#16 0x00007f5a94ada8fd in ?? () from /lib/x86_64-linux-gnu/libpython3.8.so.1.0
#17 0x00007f5a94ae2f5a in ?? () from /lib/x86_64-linux-gnu/libpython3.8.so.1.0
#18 0x00007f5a94b427db in _PyObject_MakeTpCall () from /lib/x86_64-linux-gnu/libpython3.8.so.1.0
#19 0x00007f5a9490edf3 in ?? () from /lib/x86_64-linux-gnu/libpython3.8.so.1.0
#20 0x00007f5a94913713 in _PyEval_EvalFrameDefault () from /lib/x86_64-linux-gnu/libpython3.8.so.1.0
#21 0x00007f5a94a64d3b in _PyEval_EvalCodeWithName () from /lib/x86_64-linux-gnu/libpython3.8.so.1.0
#22 0x00007f5a94a650c2 in PyEval_EvalCodeEx () from /lib/x86_64-linux-gnu/libpython3.8.so.1.0
#23 0x00007f5a94a654af in PyEval_EvalCode () from /lib/x86_64-linux-gnu/libpython3.8.so.1.0
#24 0x00007f5a94a69aa1 in ?? () from /lib/x86_64-linux-gnu/libpython3.8.so.1.0
#25 0x00007f5a94af93a7 in ?? () from /lib/x86_64-linux-gnu/libpython3.8.so.1.0
#26 0x00007f5a94b42500 in PyVectorcall_Call () from /lib/x86_64-linux-gnu/libpython3.8.so.1.0
#27 0x00007f5a94917f48 in _PyEval_EvalFrameDefault () from /lib/x86_64-linux-gnu/libpython3.8.so.1.0
#28 0x00007f5a94a64d3b in _PyEval_EvalCodeWithName () from /lib/x86_64-linux-gnu/libpython3.8.so.1.0
#29 0x00007f5a94b41de4 in _PyFunction_Vectorcall () from /lib/x86_64-linux-gnu/libpython3.8.so.1.0
#30 0x00007f5a9490ed6d in ?? () from /lib/x86_64-linux-gnu/libpython3.8.so.1.0
#31 0x00007f5a94916ef6 in _PyEval_EvalFrameDefault () from /lib/x86_64-linux-gnu/libpython3.8.so.1.0
#32 0x00007f5a9491a06b in ?? () from /lib/x86_64-linux-gnu/libpython3.8.so.1.0
#33 0x00007f5a9490ed6d in ?? () from /lib/x86_64-linux-gnu/libpython3.8.so.1.0
#34 0x00007f5a94910018 in _PyEval_EvalFrameDefault () from /lib/x86_64-linux-gnu/libpython3.8.so.1.0
#35 0x00007f5a9491a06b in ?? () from /lib/x86_64-linux-gnu/libpython3.8.so.1.0
#36 0x00007f5a9490ed6d in ?? () from /lib/x86_64-linux-gnu/libpython3.8.so.1.0
#37 0x00007f5a9491046d in _PyEval_EvalFrameDefault () from /lib/x86_64-linux-gnu/libpython3.8.so.1.0
#38 0x00007f5a9491a06b in ?? () from /lib/x86_64-linux-gnu/libpython3.8.so.1.0
#39 0x00007f5a9490ed6d in ?? () from /lib/x86_64-linux-gnu/libpython3.8.so.1.0
#40 0x00007f5a9491046d in _PyEval_EvalFrameDefault () from /lib/x86_64-linux-gnu/libpython3.8.so.1.0
#41 0x00007f5a9491a06b in ?? () from /lib/x86_64-linux-gnu/libpython3.8.so.1.0
#42 0x00007f5a94b42da8 in ?? () from /lib/x86_64-linux-gnu/libpython3.8.so.1.0
#43 0x00007f5a94b43000 in _PyObject_CallMethodIdObjArgs () from /lib/x86_64-linux-gnu/libpython3.8.so.1.0
#44 0x00007f5a94922c1e in PyImport_ImportModuleLevelObject () from /lib/x86_64-linux-gnu/libpython3.8.so.1.0
#45 0x00007f5a94a67e6e in ?? () from /lib/x86_64-linux-gnu/libpython3.8.so.1.0
#46 0x00007f5a94b42408 in ?? () from /lib/x86_64-linux-gnu/libpython3.8.so.1.0
#47 0x00007f5a94917f48 in _PyEval_EvalFrameDefault () from /lib/x86_64-linux-gnu/libpython3.8.so.1.0
#48 0x00007f5a94a64d3b in _PyEval_EvalCodeWithName () from /lib/x86_64-linux-gnu/libpython3.8.so.1.0
#49 0x00007f5a94b41de4 in _PyFunction_Vectorcall () from /lib/x86_64-linux-gnu/libpython3.8.so.1.0
#50 0x00007f5a9490ed6d in ?? () from /lib/x86_64-linux-gnu/libpython3.8.so.1.0
#51 0x00007f5a9491046d in _PyEval_EvalFrameDefault () from /lib/x86_64-linux-gnu/libpython3.8.so.1.0
#52 0x00007f5a94a64d3b in _PyEval_EvalCodeWithName () from /lib/x86_64-linux-gnu/libpython3.8.so.1.0
#53 0x00007f5a94b41de4 in _PyFunction_Vectorcall () from /lib/x86_64-linux-gnu/libpython3.8.so.1.0
#54 0x00007f5a94b42da8 in ?? () from /lib/x86_64-linux-gnu/libpython3.8.so.1.0
#55 0x00007f5a94b43000 in _PyObject_CallMethodIdObjArgs () from /lib/x86_64-linux-gnu/libpython3.8.so.1.0
#56 0x00007f5a94922e6a in PyImport_ImportModuleLevelObject () from /lib/x86_64-linux-gnu/libpython3.8.so.1.0
#57 0x00007f5a94916941 in _PyEval_EvalFrameDefault () from /lib/x86_64-linux-gnu/libpython3.8.so.1.0
#58 0x00007f5a94a64d3b in _PyEval_EvalCodeWithName () from /lib/x86_64-linux-gnu/libpython3.8.so.1.0
#59 0x00007f5a94a650c2 in PyEval_EvalCodeEx () from /lib/x86_64-linux-gnu/libpython3.8.so.1.0
#60 0x00007f5a94a654af in PyEval_EvalCode () from /lib/x86_64-linux-gnu/libpython3.8.so.1.0
#61 0x00007f5a94a69aa1 in ?? () from /lib/x86_64-linux-gnu/libpython3.8.so.1.0
#62 0x00007f5a94af93a7 in ?? () from /lib/x86_64-linux-gnu/libpython3.8.so.1.0
#63 0x00007f5a94b42500 in PyVectorcall_Call () from /lib/x86_64-linux-gnu/libpython3.8.so.1.0
#64 0x00007f5a94917f48 in _PyEval_EvalFrameDefault () from /lib/x86_64-linux-gnu/libpython3.8.so.1.0
#65 0x00007f5a94a64d3b in _PyEval_EvalCodeWithName () from /lib/x86_64-linux-gnu/libpython3.8.so.1.0
#66 0x00007f5a94b41de4 in _PyFunction_Vectorcall () from /lib/x86_64-linux-gnu/libpython3.8.so.1.0
#67 0x00007f5a9490ed6d in ?? () from /lib/x86_64-linux-gnu/libpython3.8.so.1.0
#68 0x00007f5a94916ef6 in _PyEval_EvalFrameDefault () from /lib/x86_64-linux-gnu/libpython3.8.so.1.0
#69 0x00007f5a9491a06b in ?? () from /lib/x86_64-linux-gnu/libpython3.8.so.1.0
#70 0x00007f5a9490ed6d in ?? () from /lib/x86_64-linux-gnu/libpython3.8.so.1.0
#71 0x00007f5a94910018 in _PyEval_EvalFrameDefault () from /lib/x86_64-linux-gnu/libpython3.8.so.1.0
#72 0x00007f5a9491a06b in ?? () from /lib/x86_64-linux-gnu/libpython3.8.so.1.0
#73 0x00007f5a9490ed6d in ?? () from /lib/x86_64-linux-gnu/libpython3.8.so.1.0
#74 0x00007f5a9491046d in _PyEval_EvalFrameDefault () from /lib/x86_64-linux-gnu/libpython3.8.so.1.0
#75 0x00007f5a9491a06b in ?? () from /lib/x86_64-linux-gnu/libpython3.8.so.1.0
#76 0x00007f5a9490ed6d in ?? () from /lib/x86_64-linux-gnu/libpython3.8.so.1.0
#77 0x00007f5a9491046d in _PyEval_EvalFrameDefault () from /lib/x86_64-linux-gnu/libpython3.8.so.1.0
#78 0x00007f5a9491a06b in ?? () from /lib/x86_64-linux-gnu/libpython3.8.so.1.0
#79 0x00007f5a94b42da8 in ?? () from /lib/x86_64-linux-gnu/libpython3.8.so.1.0
#80 0x00007f5a94b43000 in _PyObject_CallMethodIdObjArgs () from /lib/x86_64-linux-gnu/libpython3.8.so.1.0
#81 0x00007f5a94922c1e in PyImport_ImportModuleLevelObject () from /lib/x86_64-linux-gnu/libpython3.8.so.1.0
#82 0x00007f5a94a67e6e in ?? () from /lib/x86_64-linux-gnu/libpython3.8.so.1.0
#83 0x00007f5a94b42408 in ?? () from /lib/x86_64-linux-gnu/libpython3.8.so.1.0
#84 0x00007f5a94917f48 in _PyEval_EvalFrameDefault () from /lib/x86_64-linux-gnu/libpython3.8.so.1.0
#85 0x00007f5a94a64d3b in _PyEval_EvalCodeWithName () from /lib/x86_64-linux-gnu/libpython3.8.so.1.0
#86 0x00007f5a94b41de4 in _PyFunction_Vectorcall () from /lib/x86_64-linux-gnu/libpython3.8.so.1.0
#87 0x00007f5a9490ed6d in ?? () from /lib/x86_64-linux-gnu/libpython3.8.so.1.0
#88 0x00007f5a9491046d in _PyEval_EvalFrameDefault () from /lib/x86_64-linux-gnu/libpython3.8.so.1.0
#89 0x00007f5a94a64d3b in _PyEval_EvalCodeWithName () from /lib/x86_64-linux-gnu/libpython3.8.so.1.0
#90 0x00007f5a94b41de4 in _PyFunction_Vectorcall () from /lib/x86_64-linux-gnu/libpython3.8.so.1.0
#91 0x00007f5a94b42da8 in ?? () from /lib/x86_64-linux-gnu/libpython3.8.so.1.0
#92 0x00007f5a94b43000 in _PyObject_CallMethodIdObjArgs () from /lib/x86_64-linux-gnu/libpython3.8.so.1.0
#93 0x00007f5a94922e6a in PyImport_ImportModuleLevelObject () from /lib/x86_64-linux-gnu/libpython3.8.so.1.0
#94 0x00007f5a94916941 in _PyEval_EvalFrameDefault () from /lib/x86_64-linux-gnu/libpython3.8.so.1.0
#95 0x00007f5a94a64d3b in _PyEval_EvalCodeWithName () from /lib/x86_64-linux-gnu/libpython3.8.so.1.0
#96 0x00007f5a94a650c2 in PyEval_EvalCodeEx () from /lib/x86_64-linux-gnu/libpython3.8.so.1.0
#97 0x00007f5a94a654af in PyEval_EvalCode () from /lib/x86_64-linux-gnu/libpython3.8.so.1.0
#98 0x00007f5a94a69aa1 in ?? () from /lib/x86_64-linux-gnu/libpython3.8.so.1.0
#99 0x00007f5a94af93a7 in ?? () from /lib/x86_64-linux-gnu/libpython3.8.so.1.0
#100 0x00007f5a94b42500 in PyVectorcall_Call () from /lib/x86_64-linux-gnu/libpython3.8.so.1.0
#101 0x00007f5a94917f48 in _PyEval_EvalFrameDefault () from /lib/x86_64-linux-gnu/libpython3.8.so.1.0
#102 0x00007f5a94a64d3b in _PyEval_EvalCodeWithName () from /lib/x86_64-linux-gnu/libpython3.8.so.1.0
#103 0x00007f5a94b41de4 in _PyFunction_Vectorcall () from /lib/x86_64-linux-gnu/libpython3.8.so.1.0
#104 0x00007f5a9490ed6d in ?? () from /lib/x86_64-linux-gnu/libpython3.8.so.1.0
#105 0x00007f5a94916ef6 in _PyEval_EvalFrameDefault () from /lib/x86_64-linux-gnu/libpython3.8.so.1.0
#106 0x00007f5a9491a06b in ?? () from /lib/x86_64-linux-gnu/libpython3.8.so.1.0
#107 0x00007f5a9490ed6d in ?? () from /lib/x86_64-linux-gnu/libpython3.8.so.1.0
#108 0x00007f5a94910018 in _PyEval_EvalFrameDefault () from /lib/x86_64-linux-gnu/libpython3.8.so.1.0
#109 0x00007f5a9491a06b in ?? () from /lib/x86_64-linux-gnu/libpython3.8.so.1.0
#110 0x00007f5a9490ed6d in ?? () from /lib/x86_64-linux-gnu/libpython3.8.so.1.0
#111 0x00007f5a9491046d in _PyEval_EvalFrameDefault () from /lib/x86_64-linux-gnu/libpython3.8.so.1.0
#112 0x00007f5a9491a06b in ?? () from /lib/x86_64-linux-gnu/libpython3.8.so.1.0
#113 0x00007f5a9490ed6d in ?? () from /lib/x86_64-linux-gnu/libpython3.8.so.1.0
#114 0x00007f5a9491046d in _PyEval_EvalFrameDefault () from /lib/x86_64-linux-gnu/libpython3.8.so.1.0
#115 0x00007f5a9491a06b in ?? () from /lib/x86_64-linux-gnu/libpython3.8.so.1.0
#116 0x00007f5a94b42da8 in ?? () from /lib/x86_64-linux-gnu/libpython3.8.so.1.0
#117 0x00007f5a94b43000 in _PyObject_CallMethodIdObjArgs () from /lib/x86_64-linux-gnu/libpython3.8.so.1.0
#118 0x00007f5a94922c1e in PyImport_ImportModuleLevelObject () from /lib/x86_64-linux-gnu/libpython3.8.so.1.0
#119 0x00007f5a94a67e6e in ?? () from /lib/x86_64-linux-gnu/libpython3.8.so.1.0
#120 0x00007f5a94b42408 in ?? () from /lib/x86_64-linux-gnu/libpython3.8.so.1.0
#121 0x00007f5a94917f48 in _PyEval_EvalFrameDefault () from /lib/x86_64-linux-gnu/libpython3.8.so.1.0
#122 0x00007f5a94a64d3b in _PyEval_EvalCodeWithName () from /lib/x86_64-linux-gnu/libpython3.8.so.1.0
#123 0x00007f5a94b41de4 in _PyFunction_Vectorcall () from /lib/x86_64-linux-gnu/libpython3.8.so.1.0
#124 0x00007f5a9490ed6d in ?? () from /lib/x86_64-linux-gnu/libpython3.8.so.1.0
#125 0x00007f5a9491046d in _PyEval_EvalFrameDefault () from /lib/x86_64-linux-gnu/libpython3.8.so.1.0
#126 0x00007f5a94a64d3b in _PyEval_EvalCodeWithName () from /lib/x86_64-linux-gnu/libpython3.8.so.1.0
#127 0x00007f5a94b41de4 in _PyFunction_Vectorcall () from /lib/x86_64-linux-gnu/libpython3.8.so.1.0
#128 0x00007f5a94b42da8 in ?? () from /lib/x86_64-linux-gnu/libpython3.8.so.1.0
#129 0x00007f5a94b43000 in _PyObject_CallMethodIdObjArgs () from /lib/x86_64-linux-gnu/libpython3.8.so.1.0
#130 0x00007f5a94922e6a in PyImport_ImportModuleLevelObject () from /lib/x86_64-linux-gnu/libpython3.8.so.1.0
#131 0x00007f5a94916941 in _PyEval_EvalFrameDefault () from /lib/x86_64-linux-gnu/libpython3.8.so.1.0
#132 0x00007f5a94a64d3b in _PyEval_EvalCodeWithName () from /lib/x86_64-linux-gnu/libpython3.8.so.1.0
#133 0x00007f5a94a650c2 in PyEval_EvalCodeEx () from /lib/x86_64-linux-gnu/libpython3.8.so.1.0
#134 0x00007f5a94a654af in PyEval_EvalCode () from /lib/x86_64-linux-gnu/libpython3.8.so.1.0
#135 0x00007f5a94a69aa1 in ?? () from /lib/x86_64-linux-gnu/libpython3.8.so.1.0
#136 0x00007f5a94af93a7 in ?? () from /lib/x86_64-linux-gnu/libpython3.8.so.1.0
#137 0x00007f5a94b42500 in PyVectorcall_Call () from /lib/x86_64-linux-gnu/libpython3.8.so.1.0
#138 0x00007f5a94917f48 in _PyEval_EvalFrameDefault () from /lib/x86_64-linux-gnu/libpython3.8.so.1.0
#139 0x00007f5a94a64d3b in _PyEval_EvalCodeWithName () from /lib/x86_64-linux-gnu/libpython3.8.so.1.0
#140 0x00007f5a94b41de4 in _PyFunction_Vectorcall () from /lib/x86_64-linux-gnu/libpython3.8.so.1.0
#141 0x00007f5a9490ed6d in ?? () from /lib/x86_64-linux-gnu/libpython3.8.so.1.0
#142 0x00007f5a94916ef6 in _PyEval_EvalFrameDefault () from /lib/x86_64-linux-gnu/libpython3.8.so.1.0
#143 0x00007f5a9491a06b in ?? () from /lib/x86_64-linux-gnu/libpython3.8.so.1.0
#144 0x00007f5a9490ed6d in ?? () from /lib/x86_64-linux-gnu/libpython3.8.so.1.0
#145 0x00007f5a94910018 in _PyEval_EvalFrameDefault () from /lib/x86_64-linux-gnu/libpython3.8.so.1.0
#146 0x00007f5a9491a06b in ?? () from /lib/x86_64-linux-gnu/libpython3.8.so.1.0
#147 0x00007f5a9490ed6d in ?? () from /lib/x86_64-linux-gnu/libpython3.8.so.1.0
#148 0x00007f5a9491046d in _PyEval_EvalFrameDefault () from /lib/x86_64-linux-gnu/libpython3.8.so.1.0
#149 0x00007f5a9491a06b in ?? () from /lib/x86_64-linux-gnu/libpython3.8.so.1.0
#150 0x00007f5a9490ed6d in ?? () from /lib/x86_64-linux-gnu/libpython3.8.so.1.0
#151 0x00007f5a9491046d in _PyEval_EvalFrameDefault () from /lib/x86_64-linux-gnu/libpython3.8.so.1.0
#152 0x00007f5a9491a06b in ?? () from /lib/x86_64-linux-gnu/libpython3.8.so.1.0
#153 0x00007f5a94b42da8 in ?? () from /lib/x86_64-linux-gnu/libpython3.8.so.1.0
#154 0x00007f5a94b43000 in _PyObject_CallMethodIdObjArgs () from /lib/x86_64-linux-gnu/libpython3.8.so.1.0
#155 0x00007f5a94922c1e in PyImport_ImportModuleLevelObject () from /lib/x86_64-linux-gnu/libpython3.8.so.1.0
#156 0x00007f5a94a67e6e in ?? () from /lib/x86_64-linux-gnu/libpython3.8.so.1.0
#157 0x00007f5a94b42408 in ?? () from /lib/x86_64-linux-gnu/libpython3.8.so.1.0
#158 0x00007f5a94917f48 in _PyEval_EvalFrameDefault () from /lib/x86_64-linux-gnu/libpython3.8.so.1.0
#159 0x00007f5a94a64d3b in _PyEval_EvalCodeWithName () from /lib/x86_64-linux-gnu/libpython3.8.so.1.0
#160 0x00007f5a94b41de4 in _PyFunction_Vectorcall () from /lib/x86_64-linux-gnu/libpython3.8.so.1.0
#161 0x00007f5a9490ed6d in ?? () from /lib/x86_64-linux-gnu/libpython3.8.so.1.0
#162 0x00007f5a9491046d in _PyEval_EvalFrameDefault () from /lib/x86_64-linux-gnu/libpython3.8.so.1.0
#163 0x00007f5a94a64d3b in _PyEval_EvalCodeWithName () from /lib/x86_64-linux-gnu/libpython3.8.so.1.0
#164 0x00007f5a94b41de4 in _PyFunction_Vectorcall () from /lib/x86_64-linux-gnu/libpython3.8.so.1.0
#165 0x00007f5a94b42da8 in ?? () from /lib/x86_64-linux-gnu/libpython3.8.so.1.0
#166 0x00007f5a94b43000 in _PyObject_CallMethodIdObjArgs () from /lib/x86_64-linux-gnu/libpython3.8.so.1.0
#167 0x00007f5a94922e6a in PyImport_ImportModuleLevelObject () from /lib/x86_64-linux-gnu/libpython3.8.so.1.0
#168 0x00007f5a94916941 in _PyEval_EvalFrameDefault () from /lib/x86_64-linux-gnu/libpython3.8.so.1.0
#169 0x00007f5a94a64d3b in _PyEval_EvalCodeWithName () from /lib/x86_64-linux-gnu/libpython3.8.so.1.0
#170 0x00007f5a94a650c2 in PyEval_EvalCodeEx () from /lib/x86_64-linux-gnu/libpython3.8.so.1.0
#171 0x00007f5a94a654af in PyEval_EvalCode () from /lib/x86_64-linux-gnu/libpython3.8.so.1.0
#172 0x00007f5a94a69aa1 in ?? () from /lib/x86_64-linux-gnu/libpython3.8.so.1.0
#173 0x00007f5a94af93a7 in ?? () from /lib/x86_64-linux-gnu/libpython3.8.so.1.0
#174 0x00007f5a94b42500 in PyVectorcall_Call () from /lib/x86_64-linux-gnu/libpython3.8.so.1.0
#175 0x00007f5a94917f48 in _PyEval_EvalFrameDefault () from /lib/x86_64-linux-gnu/libpython3.8.so.1.0
#176 0x00007f5a94a64d3b in _PyEval_EvalCodeWithName () from /lib/x86_64-linux-gnu/libpython3.8.so.1.0
#177 0x00007f5a94b41de4 in _PyFunction_Vectorcall () from /lib/x86_64-linux-gnu/libpython3.8.so.1.0
#178 0x00007f5a9490ed6d in ?? () from /lib/x86_64-linux-gnu/libpython3.8.so.1.0
#179 0x00007f5a94916ef6 in _PyEval_EvalFrameDefault () from /lib/x86_64-linux-gnu/libpython3.8.so.1.0
#180 0x00007f5a9491a06b in ?? () from /lib/x86_64-linux-gnu/libpython3.8.so.1.0
#181 0x00007f5a9490ed6d in ?? () from /lib/x86_64-linux-gnu/libpython3.8.so.1.0
#182 0x00007f5a94910018 in _PyEval_EvalFrameDefault () from /lib/x86_64-linux-gnu/libpython3.8.so.1.0
#183 0x00007f5a9491a06b in ?? () from /lib/x86_64-linux-gnu/libpython3.8.so.1.0
#184 0x00007f5a9490ed6d in ?? () from /lib/x86_64-linux-gnu/libpython3.8.so.1.0
#185 0x00007f5a9491046d in _PyEval_EvalFrameDefault () from /lib/x86_64-linux-gnu/libpython3.8.so.1.0
#186 0x00007f5a9491a06b in ?? () from /lib/x86_64-linux-gnu/libpython3.8.so.1.0
#187 0x00007f5a9490ed6d in ?? () from /lib/x86_64-linux-gnu/libpython3.8.so.1.0
#188 0x00007f5a9491046d in _PyEval_EvalFrameDefault () from /lib/x86_64-linux-gnu/libpython3.8.so.1.0
#189 0x00007f5a9491a06b in ?? () from /lib/x86_64-linux-gnu/libpython3.8.so.1.0
#190 0x00007f5a94b42da8 in ?? () from /lib/x86_64-linux-gnu/libpython3.8.so.1.0
#191 0x00007f5a94b43000 in _PyObject_CallMethodIdObjArgs () from /lib/x86_64-linux-gnu/libpython3.8.so.1.0
#192 0x00007f5a94922c1e in PyImport_ImportModuleLevelObject () from /lib/x86_64-linux-gnu/libpython3.8.so.1.0
#193 0x00007f5a94a67e6e in ?? () from /lib/x86_64-linux-gnu/libpython3.8.so.1.0
#194 0x00007f5a94b42408 in ?? () from /lib/x86_64-linux-gnu/libpython3.8.so.1.0
#195 0x00007f5a94917f48 in _PyEval_EvalFrameDefault () from /lib/x86_64-linux-gnu/libpython3.8.so.1.0
#196 0x00007f5a94a64d3b in _PyEval_EvalCodeWithName () from /lib/x86_64-linux-gnu/libpython3.8.so.1.0
#197 0x00007f5a94b41de4 in _PyFunction_Vectorcall () from /lib/x86_64-linux-gnu/libpython3.8.so.1.0
#198 0x00007f5a9490ed6d in ?? () from /lib/x86_64-linux-gnu/libpython3.8.so.1.0
#199 0x00007f5a9491046d in _PyEval_EvalFrameDefault () from /lib/x86_64-linux-gnu/libpython3.8.so.1.0
#200 0x00007f5a94a64d3b in _PyEval_EvalCodeWithName () from /lib/x86_64-linux-gnu/libpython3.8.so.1.0
#201 0x00007f5a94b41de4 in _PyFunction_Vectorcall () from /lib/x86_64-linux-gnu/libpython3.8.so.1.0
#202 0x00007f5a94b42da8 in ?? () from /lib/x86_64-linux-gnu/libpython3.8.so.1.0
#203 0x00007f5a94b43000 in _PyObject_CallMethodIdObjArgs () from /lib/x86_64-linux-gnu/libpython3.8.so.1.0
#204 0x00007f5a94922e6a in PyImport_ImportModuleLevelObject () from /lib/x86_64-linux-gnu/libpython3.8.so.1.0
#205 0x00007f5a94916941 in _PyEval_EvalFrameDefault () from /lib/x86_64-linux-gnu/libpython3.8.so.1.0
#206 0x00007f5a94a64d3b in _PyEval_EvalCodeWithName () from /lib/x86_64-linux-gnu/libpython3.8.so.1.0
#207 0x00007f5a94a650c2 in PyEval_EvalCodeEx () from /lib/x86_64-linux-gnu/libpython3.8.so.1.0
#208 0x00007f5a94a654af in PyEval_EvalCode () from /lib/x86_64-linux-gnu/libpython3.8.so.1.0
#209 0x00007f5a94a69aa1 in ?? () from /lib/x86_64-linux-gnu/libpython3.8.so.1.0
#210 0x00007f5a94af93a7 in ?? () from /lib/x86_64-linux-gnu/libpython3.8.so.1.0
#211 0x00007f5a94b42500 in PyVectorcall_Call () from /lib/x86_64-linux-gnu/libpython3.8.so.1.0
#212 0x00007f5a94917f48 in _PyEval_EvalFrameDefault () from /lib/x86_64-linux-gnu/libpython3.8.so.1.0
#213 0x00007f5a94a64d3b in _PyEval_EvalCodeWithName () from /lib/x86_64-linux-gnu/libpython3.8.so.1.0
#214 0x00007f5a94b41de4 in _PyFunction_Vectorcall () from /lib/x86_64-linux-gnu/libpython3.8.so.1.0
#215 0x00007f5a9490ed6d in ?? () from /lib/x86_64-linux-gnu/libpython3.8.so.1.0
#216 0x00007f5a94916ef6 in _PyEval_EvalFrameDefault () from /lib/x86_64-linux-gnu/libpython3.8.so.1.0
#217 0x00007f5a9491a06b in ?? () from /lib/x86_64-linux-gnu/libpython3.8.so.1.0
#218 0x00007f5a9490ed6d in ?? () from /lib/x86_64-linux-gnu/libpython3.8.so.1.0
#219 0x00007f5a94910018 in _PyEval_EvalFrameDefault () from /lib/x86_64-linux-gnu/libpython3.8.so.1.0
#220 0x00007f5a9491a06b in ?? () from /lib/x86_64-linux-gnu/libpython3.8.so.1.0
#221 0x00007f5a9490ed6d in ?? () from /lib/x86_64-linux-gnu/libpython3.8.so.1.0
#222 0x00007f5a9491046d in _PyEval_EvalFrameDefault () from /lib/x86_64-linux-gnu/libpython3.8.so.1.0
#223 0x00007f5a9491a06b in ?? () from /lib/x86_64-linux-gnu/libpython3.8.so.1.0
#224 0x00007f5a9490ed6d in ?? () from /lib/x86_64-linux-gnu/libpython3.8.so.1.0
#225 0x00007f5a9491046d in _PyEval_EvalFrameDefault () from /lib/x86_64-linux-gnu/libpython3.8.so.1.0
#226 0x00007f5a9491a06b in ?? () from /lib/x86_64-linux-gnu/libpython3.8.so.1.0
#227 0x00007f5a94b42da8 in ?? () from /lib/x86_64-linux-gnu/libpython3.8.so.1.0
#228 0x00007f5a94b43000 in _PyObject_CallMethodIdObjArgs () from /lib/x86_64-linux-gnu/libpython3.8.so.1.0
#229 0x00007f5a94922c1e in PyImport_ImportModuleLevelObject () from /lib/x86_64-linux-gnu/libpython3.8.so.1.0
#230 0x00007f5a94a67e6e in ?? () from /lib/x86_64-linux-gnu/libpython3.8.so.1.0
#231 0x00007f5a94b42408 in ?? () from /lib/x86_64-linux-gnu/libpython3.8.so.1.0
#232 0x00007f5a94917f48 in _PyEval_EvalFrameDefault () from /lib/x86_64-linux-gnu/libpython3.8.so.1.0
#233 0x00007f5a94a64d3b in _PyEval_EvalCodeWithName () from /lib/x86_64-linux-gnu/libpython3.8.so.1.0
#234 0x00007f5a94b41de4 in _PyFunction_Vectorcall () from /lib/x86_64-linux-gnu/libpython3.8.so.1.0
#235 0x00007f5a9490ed6d in ?? () from /lib/x86_64-linux-gnu/libpython3.8.so.1.0
#236 0x00007f5a9491046d in _PyEval_EvalFrameDefault () from /lib/x86_64-linux-gnu/libpython3.8.so.1.0
#237 0x00007f5a94a64d3b in _PyEval_EvalCodeWithName () from /lib/x86_64-linux-gnu/libpython3.8.so.1.0
#238 0x00007f5a94b41de4 in _PyFunction_Vectorcall () from /lib/x86_64-linux-gnu/libpython3.8.so.1.0
#239 0x00007f5a94b42da8 in ?? () from /lib/x86_64-linux-gnu/libpython3.8.so.1.0
#240 0x00007f5a94b43000 in _PyObject_CallMethodIdObjArgs () from /lib/x86_64-linux-gnu/libpython3.8.so.1.0
#241 0x00007f5a94922e6a in PyImport_ImportModuleLevelObject () from /lib/x86_64-linux-gnu/libpython3.8.so.1.0
#242 0x00007f5a94916941 in _PyEval_EvalFrameDefault () from /lib/x86_64-linux-gnu/libpython3.8.so.1.0
#243 0x00007f5a94a64d3b in _PyEval_EvalCodeWithName () from /lib/x86_64-linux-gnu/libpython3.8.so.1.0
#244 0x00007f5a94a650c2 in PyEval_EvalCodeEx () from /lib/x86_64-linux-gnu/libpython3.8.so.1.0
#245 0x00007f5a94a654af in PyEval_EvalCode () from /lib/x86_64-linux-gnu/libpython3.8.so.1.0
#246 0x00007f5a94a69aa1 in ?? () from /lib/x86_64-linux-gnu/libpython3.8.so.1.0
#247 0x00007f5a94af93a7 in ?? () from /lib/x86_64-linux-gnu/libpython3.8.so.1.0
#248 0x00007f5a94b42500 in PyVectorcall_Call () from /lib/x86_64-linux-gnu/libpython3.8.so.1.0
#249 0x00007f5a94917f48 in _PyEval_EvalFrameDefault () from /lib/x86_64-linux-gnu/libpython3.8.so.1.0
#250 0x00007f5a94a64d3b in _PyEval_EvalCodeWithName () from /lib/x86_64-linux-gnu/libpython3.8.so.1.0
#251 0x00007f5a94b41de4 in _PyFunction_Vectorcall () from /lib/x86_64-linux-gnu/libpython3.8.so.1.0
#252 0x00007f5a9490ed6d in ?? () from /lib/x86_64-linux-gnu/libpython3.8.so.1.0
#253 0x00007f5a94916ef6 in _PyEval_EvalFrameDefault () from /lib/x86_64-linux-gnu/libpython3.8.so.1.0
#254 0x00007f5a9491a06b in ?? () from /lib/x86_64-linux-gnu/libpython3.8.so.1.0
#255 0x00007f5a9490ed6d in ?? () from /lib/x86_64-linux-gnu/libpython3.8.so.1.0
#256 0x00007f5a94910018 in _PyEval_EvalFrameDefault () from /lib/x86_64-linux-gnu/libpython3.8.so.1.0
#257 0x00007f5a9491a06b in ?? () from /lib/x86_64-linux-gnu/libpython3.8.so.1.0
#258 0x00007f5a9490ed6d in ?? () from /lib/x86_64-linux-gnu/libpython3.8.so.1.0
#259 0x00007f5a9491046d in _PyEval_EvalFrameDefault () from /lib/x86_64-linux-gnu/libpython3.8.so.1.0
#260 0x00007f5a9491a06b in ?? () from /lib/x86_64-linux-gnu/libpython3.8.so.1.0
#261 0x00007f5a9490ed6d in ?? () from /lib/x86_64-linux-gnu/libpython3.8.so.1.0
#262 0x00007f5a9491046d in _PyEval_EvalFrameDefault () from /lib/x86_64-linux-gnu/libpython3.8.so.1.0
#263 0x00007f5a9491a06b in ?? () from /lib/x86_64-linux-gnu/libpython3.8.so.1.0
#264 0x00007f5a94b42da8 in ?? () from /lib/x86_64-linux-gnu/libpython3.8.so.1.0
#265 0x00007f5a94b43000 in _PyObject_CallMethodIdObjArgs () from /lib/x86_64-linux-gnu/libpython3.8.so.1.0
#266 0x00007f5a94922c1e in PyImport_ImportModuleLevelObject () from /lib/x86_64-linux-gnu/libpython3.8.so.1.0
#267 0x00007f5a94a67e6e in ?? () from /lib/x86_64-linux-gnu/libpython3.8.so.1.0
#268 0x00007f5a94b42408 in ?? () from /lib/x86_64-linux-gnu/libpython3.8.so.1.0
#269 0x00007f5a94917f48 in _PyEval_EvalFrameDefault () from /lib/x86_64-linux-gnu/libpython3.8.so.1.0
#270 0x00007f5a94a64d3b in _PyEval_EvalCodeWithName () from /lib/x86_64-linux-gnu/libpython3.8.so.1.0
#271 0x00007f5a94b41de4 in _PyFunction_Vectorcall () from /lib/x86_64-linux-gnu/libpython3.8.so.1.0
#272 0x00007f5a9490ed6d in ?? () from /lib/x86_64-linux-gnu/libpython3.8.so.1.0
#273 0x00007f5a9491046d in _PyEval_EvalFrameDefault () from /lib/x86_64-linux-gnu/libpython3.8.so.1.0
#274 0x00007f5a9491a06b in ?? () from /lib/x86_64-linux-gnu/libpython3.8.so.1.0
#275 0x00007f5a9490ed6d in ?? () from /lib/x86_64-linux-gnu/libpython3.8.so.1.0
#276 0x00007f5a9491046d in _PyEval_EvalFrameDefault () from /lib/x86_64-linux-gnu/libpython3.8.so.1.0
#277 0x00007f5a9491a06b in ?? () from /lib/x86_64-linux-gnu/libpython3.8.so.1.0
#278 0x00007f5a94b42da8 in ?? () from /lib/x86_64-linux-gnu/libpython3.8.so.1.0
#279 0x00007f5a94b43000 in _PyObject_CallMethodIdObjArgs () from /lib/x86_64-linux-gnu/libpython3.8.so.1.0
#280 0x00007f5a94922c1e in PyImport_ImportModuleLevelObject () from /lib/x86_64-linux-gnu/libpython3.8.so.1.0
#281 0x00007f5a94916941 in _PyEval_EvalFrameDefault () from /lib/x86_64-linux-gnu/libpython3.8.so.1.0
#282 0x00007f5a94a64d3b in _PyEval_EvalCodeWithName () from /lib/x86_64-linux-gnu/libpython3.8.so.1.0
#283 0x00007f5a94a650c2 in PyEval_EvalCodeEx () from /lib/x86_64-linux-gnu/libpython3.8.so.1.0
#284 0x00007f5a94a654af in PyEval_EvalCode () from /lib/x86_64-linux-gnu/libpython3.8.so.1.0
#285 0x00007f5a94a69aa1 in ?? () from /lib/x86_64-linux-gnu/libpython3.8.so.1.0
#286 0x00007f5a94af93a7 in ?? () from /lib/x86_64-linux-gnu/libpython3.8.so.1.0
#287 0x00007f5a94b42500 in PyVectorcall_Call () from /lib/x86_64-linux-gnu/libpython3.8.so.1.0
#288 0x00007f5a94917f48 in _PyEval_EvalFrameDefault () from /lib/x86_64-linux-gnu/libpython3.8.so.1.0
#289 0x00007f5a94a64d3b in _PyEval_EvalCodeWithName () from /lib/x86_64-linux-gnu/libpython3.8.so.1.0
#290 0x00007f5a94b41de4 in _PyFunction_Vectorcall () from /lib/x86_64-linux-gnu/libpython3.8.so.1.0
#291 0x00007f5a9490ed6d in ?? () from /lib/x86_64-linux-gnu/libpython3.8.so.1.0
#292 0x00007f5a94916ef6 in _PyEval_EvalFrameDefault () from /lib/x86_64-linux-gnu/libpython3.8.so.1.0
#293 0x00007f5a9491a06b in ?? () from /lib/x86_64-linux-gnu/libpython3.8.so.1.0
#294 0x00007f5a9490ed6d in ?? () from /lib/x86_64-linux-gnu/libpython3.8.so.1.0
#295 0x00007f5a94910018 in _PyEval_EvalFrameDefault () from /lib/x86_64-linux-gnu/libpython3.8.so.1.0
#296 0x00007f5a9491a06b in ?? () from /lib/x86_64-linux-gnu/libpython3.8.so.1.0
#297 0x00007f5a9490ed6d in ?? () from /lib/x86_64-linux-gnu/libpython3.8.so.1.0
#298 0x00007f5a9491046d in _PyEval_EvalFrameDefault () from /lib/x86_64-linux-gnu/libpython3.8.so.1.0
#299 0x00007f5a9491a06b in ?? () from /lib/x86_64-linux-gnu/libpython3.8.so.1.0
#300 0x00007f5a9490ed6d in ?? () from /lib/x86_64-linux-gnu/libpython3.8.so.1.0
#301 0x00007f5a9491046d in _PyEval_EvalFrameDefault () from /lib/x86_64-linux-gnu/libpython3.8.so.1.0
#302 0x00007f5a9491a06b in ?? () from /lib/x86_64-linux-gnu/libpython3.8.so.1.0
#303 0x00007f5a94b42da8 in ?? () from /lib/x86_64-linux-gnu/libpython3.8.so.1.0
#304 0x00007f5a94b43000 in _PyObject_CallMethodIdObjArgs () from /lib/x86_64-linux-gnu/libpython3.8.so.1.0
#305 0x00007f5a94922c1e in PyImport_ImportModuleLevelObject () from /lib/x86_64-linux-gnu/libpython3.8.so.1.0
#306 0x00007f5a94a67e6e in ?? () from /lib/x86_64-linux-gnu/libpython3.8.so.1.0
#307 0x00007f5a94b42408 in ?? () from /lib/x86_64-linux-gnu/libpython3.8.so.1.0
#308 0x00007f5a94917f48 in _PyEval_EvalFrameDefault () from /lib/x86_64-linux-gnu/libpython3.8.so.1.0
#309 0x00007f5a94a64d3b in _PyEval_EvalCodeWithName () from /lib/x86_64-linux-gnu/libpython3.8.so.1.0
#310 0x00007f5a94b41de4 in _PyFunction_Vectorcall () from /lib/x86_64-linux-gnu/libpython3.8.so.1.0
#311 0x00007f5a9490ed6d in ?? () from /lib/x86_64-linux-gnu/libpython3.8.so.1.0
#312 0x00007f5a9491046d in _PyEval_EvalFrameDefault () from /lib/x86_64-linux-gnu/libpython3.8.so.1.0
#313 0x00007f5a9491a06b in ?? () from /lib/x86_64-linux-gnu/libpython3.8.so.1.0
#314 0x00007f5a9490ed6d in ?? () from /lib/x86_64-linux-gnu/libpython3.8.so.1.0
#315 0x00007f5a9491046d in _PyEval_EvalFrameDefault () from /lib/x86_64-linux-gnu/libpython3.8.so.1.0
#316 0x00007f5a9491a06b in ?? () from /lib/x86_64-linux-gnu/libpython3.8.so.1.0
#317 0x00007f5a94b42da8 in ?? () from /lib/x86_64-linux-gnu/libpython3.8.so.1.0
#318 0x00007f5a94b43000 in _PyObject_CallMethodIdObjArgs () from /lib/x86_64-linux-gnu/libpython3.8.so.1.0
#319 0x00007f5a94922c1e in PyImport_ImportModuleLevelObject () from /lib/x86_64-linux-gnu/libpython3.8.so.1.0
#320 0x00007f5a94a67e6e in ?? () from /lib/x86_64-linux-gnu/libpython3.8.so.1.0
#321 0x00007f5a94b42408 in ?? () from /lib/x86_64-linux-gnu/libpython3.8.so.1.0
#322 0x00007f5a94917f48 in _PyEval_EvalFrameDefault () from /lib/x86_64-linux-gnu/libpython3.8.so.1.0
#323 0x00007f5a94a64d3b in _PyEval_EvalCodeWithName () from /lib/x86_64-linux-gnu/libpython3.8.so.1.0
#324 0x00007f5a94b41de4 in _PyFunction_Vectorcall () from /lib/x86_64-linux-gnu/libpython3.8.so.1.0
#325 0x00007f5a9490ed6d in ?? () from /lib/x86_64-linux-gnu/libpython3.8.so.1.0
#326 0x00007f5a9491046d in _PyEval_EvalFrameDefault () from /lib/x86_64-linux-gnu/libpython3.8.so.1.0
#327 0x00007f5a9491a06b in ?? () from /lib/x86_64-linux-gnu/libpython3.8.so.1.0
#328 0x00007f5a9490ed6d in ?? () from /lib/x86_64-linux-gnu/libpython3.8.so.1.0
#329 0x00007f5a9491046d in _PyEval_EvalFrameDefault () from /lib/x86_64-linux-gnu/libpython3.8.so.1.0
#330 0x00007f5a9491a06b in ?? () from /lib/x86_64-linux-gnu/libpython3.8.so.1.0
#331 0x00007f5a94b42da8 in ?? () from /lib/x86_64-linux-gnu/libpython3.8.so.1.0
#332 0x00007f5a94b43000 in _PyObject_CallMethodIdObjArgs () from /lib/x86_64-linux-gnu/libpython3.8.so.1.0
#333 0x00007f5a94922c1e in PyImport_ImportModuleLevelObject () from /lib/x86_64-linux-gnu/libpython3.8.so.1.0
#334 0x00007f5a94a67e6e in ?? () from /lib/x86_64-linux-gnu/libpython3.8.so.1.0
#335 0x00007f5a94b42408 in ?? () from /lib/x86_64-linux-gnu/libpython3.8.so.1.0
#336 0x00007f5a94917f48 in _PyEval_EvalFrameDefault () from /lib/x86_64-linux-gnu/libpython3.8.so.1.0
#337 0x00007f5a94a64d3b in _PyEval_EvalCodeWithName () from /lib/x86_64-linux-gnu/libpython3.8.so.1.0
#338 0x00007f5a94b41de4 in _PyFunction_Vectorcall () from /lib/x86_64-linux-gnu/libpython3.8.so.1.0
#339 0x00007f5a9490ed6d in ?? () from /lib/x86_64-linux-gnu/libpython3.8.so.1.0
#340 0x00007f5a9491046d in _PyEval_EvalFrameDefault () from /lib/x86_64-linux-gnu/libpython3.8.so.1.0
#341 0x00007f5a9491a06b in ?? () from /lib/x86_64-linux-gnu/libpython3.8.so.1.0
#342 0x00007f5a9490ed6d in ?? () from /lib/x86_64-linux-gnu/libpython3.8.so.1.0
#343 0x00007f5a9491046d in _PyEval_EvalFrameDefault () from /lib/x86_64-linux-gnu/libpython3.8.so.1.0
#344 0x00007f5a9491a06b in ?? () from /lib/x86_64-linux-gnu/libpython3.8.so.1.0
#345 0x00007f5a94b42da8 in ?? () from /lib/x86_64-linux-gnu/libpython3.8.so.1.0
#346 0x00007f5a94b43000 in _PyObject_CallMethodIdObjArgs () from /lib/x86_64-linux-gnu/libpython3.8.so.1.0
#347 0x00007f5a94922c1e in PyImport_ImportModuleLevelObject () from /lib/x86_64-linux-gnu/libpython3.8.so.1.0
#348 0x00007f5a94a67e6e in ?? () from /lib/x86_64-linux-gnu/libpython3.8.so.1.0
#349 0x00007f5a94b42408 in ?? () from /lib/x86_64-linux-gnu/libpython3.8.so.1.0
#350 0x00007f5a94917f48 in _PyEval_EvalFrameDefault () from /lib/x86_64-linux-gnu/libpython3.8.so.1.0
#351 0x00007f5a94a64d3b in _PyEval_EvalCodeWithName () from /lib/x86_64-linux-gnu/libpython3.8.so.1.0
#352 0x00007f5a94b41de4 in _PyFunction_Vectorcall () from /lib/x86_64-linux-gnu/libpython3.8.so.1.0
#353 0x00007f5a9490ed6d in ?? () from /lib/x86_64-linux-gnu/libpython3.8.so.1.0
#354 0x00007f5a9491046d in _PyEval_EvalFrameDefault () from /lib/x86_64-linux-gnu/libpython3.8.so.1.0
#355 0x00007f5a9491a06b in ?? () from /lib/x86_64-linux-gnu/libpython3.8.so.1.0
#356 0x00007f5a9490ed6d in ?? () from /lib/x86_64-linux-gnu/libpython3.8.so.1.0
#357 0x00007f5a9491046d in _PyEval_EvalFrameDefault () from /lib/x86_64-linux-gnu/libpython3.8.so.1.0
#358 0x00007f5a9491a06b in ?? () from /lib/x86_64-linux-gnu/libpython3.8.so.1.0
#359 0x00007f5a94b42da8 in ?? () from /lib/x86_64-linux-gnu/libpython3.8.so.1.0
#360 0x00007f5a94b43000 in _PyObject_CallMethodIdObjArgs () from /lib/x86_64-linux-gnu/libpython3.8.so.1.0
#361 0x00007f5a94922c1e in PyImport_ImportModuleLevelObject () from /lib/x86_64-linux-gnu/libpython3.8.so.1.0
#362 0x00007f5a94916941 in _PyEval_EvalFrameDefault () from /lib/x86_64-linux-gnu/libpython3.8.so.1.0
#363 0x00007f5a94a64d3b in _PyEval_EvalCodeWithName () from /lib/x86_64-linux-gnu/libpython3.8.so.1.0
#364 0x00007f5a94a650c2 in PyEval_EvalCodeEx () from /lib/x86_64-linux-gnu/libpython3.8.so.1.0
#365 0x00007f5a94a654af in PyEval_EvalCode () from /lib/x86_64-linux-gnu/libpython3.8.so.1.0
#366 0x00007f5a94a69aa1 in ?? () from /lib/x86_64-linux-gnu/libpython3.8.so.1.0
#367 0x00007f5a94af93a7 in ?? () from /lib/x86_64-linux-gnu/libpython3.8.so.1.0
#368 0x00007f5a94b42500 in PyVectorcall_Call () from /lib/x86_64-linux-gnu/libpython3.8.so.1.0
#369 0x00007f5a94917f48 in _PyEval_EvalFrameDefault () from /lib/x86_64-linux-gnu/libpython3.8.so.1.0
#370 0x00007f5a94a64d3b in _PyEval_EvalCodeWithName () from /lib/x86_64-linux-gnu/libpython3.8.so.1.0
#371 0x00007f5a94b41de4 in _PyFunction_Vectorcall () from /lib/x86_64-linux-gnu/libpython3.8.so.1.0
#372 0x00007f5a9490ed6d in ?? () from /lib/x86_64-linux-gnu/libpython3.8.so.1.0
#373 0x00007f5a94916ef6 in _PyEval_EvalFrameDefault () from /lib/x86_64-linux-gnu/libpython3.8.so.1.0
#374 0x00007f5a9491a06b in ?? () from /lib/x86_64-linux-gnu/libpython3.8.so.1.0
#375 0x00007f5a9490ed6d in ?? () from /lib/x86_64-linux-gnu/libpython3.8.so.1.0
#376 0x00007f5a94910018 in _PyEval_EvalFrameDefault () from /lib/x86_64-linux-gnu/libpython3.8.so.1.0
#377 0x00007f5a9491a06b in ?? () from /lib/x86_64-linux-gnu/libpython3.8.so.1.0
#378 0x00007f5a9490ed6d in ?? () from /lib/x86_64-linux-gnu/libpython3.8.so.1.0
#379 0x00007f5a9491046d in _PyEval_EvalFrameDefault () from /lib/x86_64-linux-gnu/libpython3.8.so.1.0
#380 0x00007f5a9491a06b in ?? () from /lib/x86_64-linux-gnu/libpython3.8.so.1.0
#381 0x00007f5a9490ed6d in ?? () from /lib/x86_64-linux-gnu/libpython3.8.so.1.0
#382 0x00007f5a9491046d in _PyEval_EvalFrameDefault () from /lib/x86_64-linux-gnu/libpython3.8.so.1.0
#383 0x00007f5a9491a06b in ?? () from /lib/x86_64-linux-gnu/libpython3.8.so.1.0
#384 0x00007f5a94b42da8 in ?? () from /lib/x86_64-linux-gnu/libpython3.8.so.1.0
#385 0x00007f5a94b43000 in _PyObject_CallMethodIdObjArgs () from /lib/x86_64-linux-gnu/libpython3.8.so.1.0
#386 0x00007f5a94922c1e in PyImport_ImportModuleLevelObject () from /lib/x86_64-linux-gnu/libpython3.8.so.1.0
#387 0x00007f5a94a67e6e in ?? () from /lib/x86_64-linux-gnu/libpython3.8.so.1.0
#388 0x00007f5a94b42408 in ?? () from /lib/x86_64-linux-gnu/libpython3.8.so.1.0
#389 0x00007f5a94917f48 in _PyEval_EvalFrameDefault () from /lib/x86_64-linux-gnu/libpython3.8.so.1.0
#390 0x00007f5a94a64d3b in _PyEval_EvalCodeWithName () from /lib/x86_64-linux-gnu/libpython3.8.so.1.0
#391 0x00007f5a94b41de4 in _PyFunction_Vectorcall () from /lib/x86_64-linux-gnu/libpython3.8.so.1.0
#392 0x00007f5a9490ed6d in ?? () from /lib/x86_64-linux-gnu/libpython3.8.so.1.0
#393 0x00007f5a9491046d in _PyEval_EvalFrameDefault () from /lib/x86_64-linux-gnu/libpython3.8.so.1.0
#394 0x00007f5a9491a06b in ?? () from /lib/x86_64-linux-gnu/libpython3.8.so.1.0
#395 0x00007f5a9490ed6d in ?? () from /lib/x86_64-linux-gnu/libpython3.8.so.1.0
#396 0x00007f5a9491046d in _PyEval_EvalFrameDefault () from /lib/x86_64-linux-gnu/libpython3.8.so.1.0
#397 0x00007f5a9491a06b in ?? () from /lib/x86_64-linux-gnu/libpython3.8.so.1.0
#398 0x00007f5a94b42da8 in ?? () from /lib/x86_64-linux-gnu/libpython3.8.so.1.0
#399 0x00007f5a94b43000 in _PyObject_CallMethodIdObjArgs () from /lib/x86_64-linux-gnu/libpython3.8.so.1.0
#400 0x00007f5a94922c1e in PyImport_ImportModuleLevelObject () from /lib/x86_64-linux-gnu/libpython3.8.so.1.0
#401 0x00007f5a94916941 in _PyEval_EvalFrameDefault () from /lib/x86_64-linux-gnu/libpython3.8.so.1.0
#402 0x00007f5a94a64d3b in _PyEval_EvalCodeWithName () from /lib/x86_64-linux-gnu/libpython3.8.so.1.0
#403 0x00007f5a94a650c2 in PyEval_EvalCodeEx () from /lib/x86_64-linux-gnu/libpython3.8.so.1.0
#404 0x00007f5a94a654af in PyEval_EvalCode () from /lib/x86_64-linux-gnu/libpython3.8.so.1.0
#405 0x00007f5a94a25f0c in ?? () from /lib/x86_64-linux-gnu/libpython3.8.so.1.0
#406 0x00007f5a94a26269 in PyRun_StringFlags () from /lib/x86_64-linux-gnu/libpython3.8.so.1.0
#407 0x00007f5a94a2756d in PyRun_SimpleStringFlags () from /lib/x86_64-linux-gnu/libpython3.8.so.1.0
#408 0x00007f5a9510e2fa in TMVA::Experimental::SOFIE::PyKeras::Parse(std::__cxx11::basic_string<char, std::char_traits<char>, std::allocator<char> >) () from /media/sanjiban/Applications1/GSoC21/root-dev/install/lib/libROOTTMVASofie.so
#409 0x00007f5aa3517059 in ?? ()
#410 0x00007ffd26a3f928 in ?? ()
#411 0x00007ffd26a3fa50 in ?? ()
#412 0x00007ffd26a3f9e0 in ?? ()
#413 0xc2cf0460434cef00 in ?? ()
#414 0x00007ffd26a3f940 in ?? ()
#415 0x0000000000000008 in ?? ()
#416 0x35682e6c65646f6d in ?? ()
#417 0x00007f5aa501ed00 in cling::MultiplexInterpreterCallbacks::LibraryLoaded(void const*, llvm::StringRef) () from /media/sanjiban/Applications1/GSoC21/root-dev/install/lib/libCling.so
#418 0x00007ffd26a3fa50 in ?? ()
#419 0x0000000000000000 in ?? ()
===========================================================


The lines below might hint at the cause of the crash.
You may get help by asking at the ROOT forum https://root.cern.ch/forum
Only if you are really convinced it is a bug in ROOT then please submit a
report at https://root.cern.ch/bugs Please post the ENTIRE stack trace
from above as an attachment in addition to anything else
that might help us fixing this issue.
===========================================================
#6  0x00007f5a7d862893 in std::_Hashtable<std::string, std::string, std::allocator<std::string>, std::__detail::_Identity, std::equal_to<std::string>, std::hash<std::string>, std::__detail::_Mod_range_hashing, std::__detail::_Default_ranged_hash, std::__detail::_Prime_rehash_policy, std::__detail::_Hashtable_traits<true, true, true> >::clear() () from /home/sanjiban/anaconda3/lib/python3.8/site-packages/google/protobuf/pyext/_message.cpython-38-x86_64-linux-gnu.so
#7  0x00007f5a7d851d98 in google::protobuf::DescriptorPool::FindFileByName(std::string const&) const () from /home/sanjiban/anaconda3/lib/python3.8/site-packages/google/protobuf/pyext/_message.cpython-38-x86_64-linux-gnu.so
#8  0x00007f5a7d8083ae in ?? () from /home/sanjiban/anaconda3/lib/python3.8/site-packages/google/protobuf/pyext/_message.cpython-38-x86_64-linux-gnu.so
#9  0x00007f5a94b3aeed in ?? () from /lib/x86_64-linux-gnu/libpython3.8.so.1.0
#10 0x00007f5a9490ed6d in ?? () from /lib/x86_64-linux-gnu/libpython3.8.so.1.0
#11 0x00007f5a94910018 in _PyEval_EvalFrameDefault () from /lib/x86_64-linux-gnu/libpython3.8.so.1.0
#12 0x00007f5a94a64d3b in _PyEval_EvalCodeWithName () from /lib/x86_64-linux-gnu/libpython3.8.so.1.0
#13 0x00007f5a94b41de4 in _PyFunction_Vectorcall () from /lib/x86_64-linux-gnu/libpython3.8.so.1.0
#14 0x00007f5a94b44059 in _PyObject_FastCallDict () from /lib/x86_64-linux-gnu/libpython3.8.so.1.0
#15 0x00007f5a94b441dd in _PyObject_Call_Prepend () from /lib/x86_64-linux-gnu/libpython3.8.so.1.0
#16 0x00007f5a94ada8fd in ?? () from /lib/x86_64-linux-gnu/libpython3.8.so.1.0
#17 0x00007f5a94ae2f5a in ?? () from /lib/x86_64-linux-gnu/libpython3.8.so.1.0
#18 0x00007f5a94b427db in _PyObject_MakeTpCall () from /lib/x86_64-linux-gnu/libpython3.8.so.1.0
#19 0x00007f5a9490edf3 in ?? () from /lib/x86_64-linux-gnu/libpython3.8.so.1.0
#20 0x00007f5a94913713 in _PyEval_EvalFrameDefault () from /lib/x86_64-linux-gnu/libpython3.8.so.1.0
#21 0x00007f5a94a64d3b in _PyEval_EvalCodeWithName () from /lib/x86_64-linux-gnu/libpython3.8.so.1.0
#22 0x00007f5a94a650c2 in PyEval_EvalCodeEx () from /lib/x86_64-linux-gnu/libpython3.8.so.1.0
#23 0x00007f5a94a654af in PyEval_EvalCode () from /lib/x86_64-linux-gnu/libpython3.8.so.1.0
#24 0x00007f5a94a69aa1 in ?? () from /lib/x86_64-linux-gnu/libpython3.8.so.1.0
#25 0x00007f5a94af93a7 in ?? () from /lib/x86_64-linux-gnu/libpython3.8.so.1.0
#26 0x00007f5a94b42500 in PyVectorcall_Call () from /lib/x86_64-linux-gnu/libpython3.8.so.1.0
#27 0x00007f5a94917f48 in _PyEval_EvalFrameDefault () from /lib/x86_64-linux-gnu/libpython3.8.so.1.0
#28 0x00007f5a94a64d3b in _PyEval_EvalCodeWithName () from /lib/x86_64-linux-gnu/libpython3.8.so.1.0
#29 0x00007f5a94b41de4 in _PyFunction_Vectorcall () from /lib/x86_64-linux-gnu/libpython3.8.so.1.0
#30 0x00007f5a9490ed6d in ?? () from /lib/x86_64-linux-gnu/libpython3.8.so.1.0
#31 0x00007f5a94916ef6 in _PyEval_EvalFrameDefault () from /lib/x86_64-linux-gnu/libpython3.8.so.1.0
#32 0x00007f5a9491a06b in ?? () from /lib/x86_64-linux-gnu/libpython3.8.so.1.0
#33 0x00007f5a9490ed6d in ?? () from /lib/x86_64-linux-gnu/libpython3.8.so.1.0
#34 0x00007f5a94910018 in _PyEval_EvalFrameDefault () from /lib/x86_64-linux-gnu/libpython3.8.so.1.0
#35 0x00007f5a9491a06b in ?? () from /lib/x86_64-linux-gnu/libpython3.8.so.1.0
#36 0x00007f5a9490ed6d in ?? () from /lib/x86_64-linux-gnu/libpython3.8.so.1.0
#37 0x00007f5a9491046d in _PyEval_EvalFrameDefault () from /lib/x86_64-linux-gnu/libpython3.8.so.1.0
#38 0x00007f5a9491a06b in ?? () from /lib/x86_64-linux-gnu/libpython3.8.so.1.0
#39 0x00007f5a9490ed6d in ?? () from /lib/x86_64-linux-gnu/libpython3.8.so.1.0
#40 0x00007f5a9491046d in _PyEval_EvalFrameDefault () from /lib/x86_64-linux-gnu/libpython3.8.so.1.0
#41 0x00007f5a9491a06b in ?? () from /lib/x86_64-linux-gnu/libpython3.8.so.1.0
#42 0x00007f5a94b42da8 in ?? () from /lib/x86_64-linux-gnu/libpython3.8.so.1.0
#43 0x00007f5a94b43000 in _PyObject_CallMethodIdObjArgs () from /lib/x86_64-linux-gnu/libpython3.8.so.1.0
#44 0x00007f5a94922c1e in PyImport_ImportModuleLevelObject () from /lib/x86_64-linux-gnu/libpython3.8.so.1.0
#45 0x00007f5a94a67e6e in ?? () from /lib/x86_64-linux-gnu/libpython3.8.so.1.0
#46 0x00007f5a94b42408 in ?? () from /lib/x86_64-linux-gnu/libpython3.8.so.1.0
#47 0x00007f5a94917f48 in _PyEval_EvalFrameDefault () from /lib/x86_64-linux-gnu/libpython3.8.so.1.0
#48 0x00007f5a94a64d3b in _PyEval_EvalCodeWithName () from /lib/x86_64-linux-gnu/libpython3.8.so.1.0
#49 0x00007f5a94b41de4 in _PyFunction_Vectorcall () from /lib/x86_64-linux-gnu/libpython3.8.so.1.0
#50 0x00007f5a9490ed6d in ?? () from /lib/x86_64-linux-gnu/libpython3.8.so.1.0
#51 0x00007f5a9491046d in _PyEval_EvalFrameDefault () from /lib/x86_64-linux-gnu/libpython3.8.so.1.0
#52 0x00007f5a94a64d3b in _PyEval_EvalCodeWithName () from /lib/x86_64-linux-gnu/libpython3.8.so.1.0
#53 0x00007f5a94b41de4 in _PyFunction_Vectorcall () from /lib/x86_64-linux-gnu/libpython3.8.so.1.0
#54 0x00007f5a94b42da8 in ?? () from /lib/x86_64-linux-gnu/libpython3.8.so.1.0
#55 0x00007f5a94b43000 in _PyObject_CallMethodIdObjArgs () from /lib/x86_64-linux-gnu/libpython3.8.so.1.0
#56 0x00007f5a94922e6a in PyImport_ImportModuleLevelObject () from /lib/x86_64-linux-gnu/libpython3.8.so.1.0
#57 0x00007f5a94916941 in _PyEval_EvalFrameDefault () from /lib/x86_64-linux-gnu/libpython3.8.so.1.0
#58 0x00007f5a94a64d3b in _PyEval_EvalCodeWithName () from /lib/x86_64-linux-gnu/libpython3.8.so.1.0
#59 0x00007f5a94a650c2 in PyEval_EvalCodeEx () from /lib/x86_64-linux-gnu/libpython3.8.so.1.0
#60 0x00007f5a94a654af in PyEval_EvalCode () from /lib/x86_64-linux-gnu/libpython3.8.so.1.0
#61 0x00007f5a94a69aa1 in ?? () from /lib/x86_64-linux-gnu/libpython3.8.so.1.0
#62 0x00007f5a94af93a7 in ?? () from /lib/x86_64-linux-gnu/libpython3.8.so.1.0
#63 0x00007f5a94b42500 in PyVectorcall_Call () from /lib/x86_64-linux-gnu/libpython3.8.so.1.0
#64 0x00007f5a94917f48 in _PyEval_EvalFrameDefault () from /lib/x86_64-linux-gnu/libpython3.8.so.1.0
#65 0x00007f5a94a64d3b in _PyEval_EvalCodeWithName () from /lib/x86_64-linux-gnu/libpython3.8.so.1.0
#66 0x00007f5a94b41de4 in _PyFunction_Vectorcall () from /lib/x86_64-linux-gnu/libpython3.8.so.1.0
#67 0x00007f5a9490ed6d in ?? () from /lib/x86_64-linux-gnu/libpython3.8.so.1.0
#68 0x00007f5a94916ef6 in _PyEval_EvalFrameDefault () from /lib/x86_64-linux-gnu/libpython3.8.so.1.0
#69 0x00007f5a9491a06b in ?? () from /lib/x86_64-linux-gnu/libpython3.8.so.1.0
#70 0x00007f5a9490ed6d in ?? () from /lib/x86_64-linux-gnu/libpython3.8.so.1.0
#71 0x00007f5a94910018 in _PyEval_EvalFrameDefault () from /lib/x86_64-linux-gnu/libpython3.8.so.1.0
#72 0x00007f5a9491a06b in ?? () from /lib/x86_64-linux-gnu/libpython3.8.so.1.0
#73 0x00007f5a9490ed6d in ?? () from /lib/x86_64-linux-gnu/libpython3.8.so.1.0
#74 0x00007f5a9491046d in _PyEval_EvalFrameDefault () from /lib/x86_64-linux-gnu/libpython3.8.so.1.0
#75 0x00007f5a9491a06b in ?? () from /lib/x86_64-linux-gnu/libpython3.8.so.1.0
#76 0x00007f5a9490ed6d in ?? () from /lib/x86_64-linux-gnu/libpython3.8.so.1.0
#77 0x00007f5a9491046d in _PyEval_EvalFrameDefault () from /lib/x86_64-linux-gnu/libpython3.8.so.1.0
#78 0x00007f5a9491a06b in ?? () from /lib/x86_64-linux-gnu/libpython3.8.so.1.0
#79 0x00007f5a94b42da8 in ?? () from /lib/x86_64-linux-gnu/libpython3.8.so.1.0
#80 0x00007f5a94b43000 in _PyObject_CallMethodIdObjArgs () from /lib/x86_64-linux-gnu/libpython3.8.so.1.0
#81 0x00007f5a94922c1e in PyImport_ImportModuleLevelObject () from /lib/x86_64-linux-gnu/libpython3.8.so.1.0
#82 0x00007f5a94a67e6e in ?? () from /lib/x86_64-linux-gnu/libpython3.8.so.1.0
#83 0x00007f5a94b42408 in ?? () from /lib/x86_64-linux-gnu/libpython3.8.so.1.0
#84 0x00007f5a94917f48 in _PyEval_EvalFrameDefault () from /lib/x86_64-linux-gnu/libpython3.8.so.1.0
#85 0x00007f5a94a64d3b in _PyEval_EvalCodeWithName () from /lib/x86_64-linux-gnu/libpython3.8.so.1.0
#86 0x00007f5a94b41de4 in _PyFunction_Vectorcall () from /lib/x86_64-linux-gnu/libpython3.8.so.1.0
#87 0x00007f5a9490ed6d in ?? () from /lib/x86_64-linux-gnu/libpython3.8.so.1.0
#88 0x00007f5a9491046d in _PyEval_EvalFrameDefault () from /lib/x86_64-linux-gnu/libpython3.8.so.1.0
#89 0x00007f5a94a64d3b in _PyEval_EvalCodeWithName () from /lib/x86_64-linux-gnu/libpython3.8.so.1.0
#90 0x00007f5a94b41de4 in _PyFunction_Vectorcall () from /lib/x86_64-linux-gnu/libpython3.8.so.1.0
#91 0x00007f5a94b42da8 in ?? () from /lib/x86_64-linux-gnu/libpython3.8.so.1.0
#92 0x00007f5a94b43000 in _PyObject_CallMethodIdObjArgs () from /lib/x86_64-linux-gnu/libpython3.8.so.1.0
#93 0x00007f5a94922e6a in PyImport_ImportModuleLevelObject () from /lib/x86_64-linux-gnu/libpython3.8.so.1.0
#94 0x00007f5a94916941 in _PyEval_EvalFrameDefault () from /lib/x86_64-linux-gnu/libpython3.8.so.1.0
#95 0x00007f5a94a64d3b in _PyEval_EvalCodeWithName () from /lib/x86_64-linux-gnu/libpython3.8.so.1.0
#96 0x00007f5a94a650c2 in PyEval_EvalCodeEx () from /lib/x86_64-linux-gnu/libpython3.8.so.1.0
#97 0x00007f5a94a654af in PyEval_EvalCode () from /lib/x86_64-linux-gnu/libpython3.8.so.1.0
#98 0x00007f5a94a69aa1 in ?? () from /lib/x86_64-linux-gnu/libpython3.8.so.1.0
#99 0x00007f5a94af93a7 in ?? () from /lib/x86_64-linux-gnu/libpython3.8.so.1.0
#100 0x00007f5a94b42500 in PyVectorcall_Call () from /lib/x86_64-linux-gnu/libpython3.8.so.1.0
#101 0x00007f5a94917f48 in _PyEval_EvalFrameDefault () from /lib/x86_64-linux-gnu/libpython3.8.so.1.0
#102 0x00007f5a94a64d3b in _PyEval_EvalCodeWithName () from /lib/x86_64-linux-gnu/libpython3.8.so.1.0
#103 0x00007f5a94b41de4 in _PyFunction_Vectorcall () from /lib/x86_64-linux-gnu/libpython3.8.so.1.0
#104 0x00007f5a9490ed6d in ?? () from /lib/x86_64-linux-gnu/libpython3.8.so.1.0
#105 0x00007f5a94916ef6 in _PyEval_EvalFrameDefault () from /lib/x86_64-linux-gnu/libpython3.8.so.1.0
#106 0x00007f5a9491a06b in ?? () from /lib/x86_64-linux-gnu/libpython3.8.so.1.0
#107 0x00007f5a9490ed6d in ?? () from /lib/x86_64-linux-gnu/libpython3.8.so.1.0
#108 0x00007f5a94910018 in _PyEval_EvalFrameDefault () from /lib/x86_64-linux-gnu/libpython3.8.so.1.0
#109 0x00007f5a9491a06b in ?? () from /lib/x86_64-linux-gnu/libpython3.8.so.1.0
#110 0x00007f5a9490ed6d in ?? () from /lib/x86_64-linux-gnu/libpython3.8.so.1.0
#111 0x00007f5a9491046d in _PyEval_EvalFrameDefault () from /lib/x86_64-linux-gnu/libpython3.8.so.1.0
#112 0x00007f5a9491a06b in ?? () from /lib/x86_64-linux-gnu/libpython3.8.so.1.0
#113 0x00007f5a9490ed6d in ?? () from /lib/x86_64-linux-gnu/libpython3.8.so.1.0
#114 0x00007f5a9491046d in _PyEval_EvalFrameDefault () from /lib/x86_64-linux-gnu/libpython3.8.so.1.0
#115 0x00007f5a9491a06b in ?? () from /lib/x86_64-linux-gnu/libpython3.8.so.1.0
#116 0x00007f5a94b42da8 in ?? () from /lib/x86_64-linux-gnu/libpython3.8.so.1.0
#117 0x00007f5a94b43000 in _PyObject_CallMethodIdObjArgs () from /lib/x86_64-linux-gnu/libpython3.8.so.1.0
#118 0x00007f5a94922c1e in PyImport_ImportModuleLevelObject () from /lib/x86_64-linux-gnu/libpython3.8.so.1.0
#119 0x00007f5a94a67e6e in ?? () from /lib/x86_64-linux-gnu/libpython3.8.so.1.0
#120 0x00007f5a94b42408 in ?? () from /lib/x86_64-linux-gnu/libpython3.8.so.1.0
#121 0x00007f5a94917f48 in _PyEval_EvalFrameDefault () from /lib/x86_64-linux-gnu/libpython3.8.so.1.0
#122 0x00007f5a94a64d3b in _PyEval_EvalCodeWithName () from /lib/x86_64-linux-gnu/libpython3.8.so.1.0
#123 0x00007f5a94b41de4 in _PyFunction_Vectorcall () from /lib/x86_64-linux-gnu/libpython3.8.so.1.0
#124 0x00007f5a9490ed6d in ?? () from /lib/x86_64-linux-gnu/libpython3.8.so.1.0
#125 0x00007f5a9491046d in _PyEval_EvalFrameDefault () from /lib/x86_64-linux-gnu/libpython3.8.so.1.0
#126 0x00007f5a94a64d3b in _PyEval_EvalCodeWithName () from /lib/x86_64-linux-gnu/libpython3.8.so.1.0
#127 0x00007f5a94b41de4 in _PyFunction_Vectorcall () from /lib/x86_64-linux-gnu/libpython3.8.so.1.0
#128 0x00007f5a94b42da8 in ?? () from /lib/x86_64-linux-gnu/libpython3.8.so.1.0
#129 0x00007f5a94b43000 in _PyObject_CallMethodIdObjArgs () from /lib/x86_64-linux-gnu/libpython3.8.so.1.0
#130 0x00007f5a94922e6a in PyImport_ImportModuleLevelObject () from /lib/x86_64-linux-gnu/libpython3.8.so.1.0
#131 0x00007f5a94916941 in _PyEval_EvalFrameDefault () from /lib/x86_64-linux-gnu/libpython3.8.so.1.0
#132 0x00007f5a94a64d3b in _PyEval_EvalCodeWithName () from /lib/x86_64-linux-gnu/libpython3.8.so.1.0
#133 0x00007f5a94a650c2 in PyEval_EvalCodeEx () from /lib/x86_64-linux-gnu/libpython3.8.so.1.0
#134 0x00007f5a94a654af in PyEval_EvalCode () from /lib/x86_64-linux-gnu/libpython3.8.so.1.0
#135 0x00007f5a94a69aa1 in ?? () from /lib/x86_64-linux-gnu/libpython3.8.so.1.0
#136 0x00007f5a94af93a7 in ?? () from /lib/x86_64-linux-gnu/libpython3.8.so.1.0
#137 0x00007f5a94b42500 in PyVectorcall_Call () from /lib/x86_64-linux-gnu/libpython3.8.so.1.0
#138 0x00007f5a94917f48 in _PyEval_EvalFrameDefault () from /lib/x86_64-linux-gnu/libpython3.8.so.1.0
#139 0x00007f5a94a64d3b in _PyEval_EvalCodeWithName () from /lib/x86_64-linux-gnu/libpython3.8.so.1.0
#140 0x00007f5a94b41de4 in _PyFunction_Vectorcall () from /lib/x86_64-linux-gnu/libpython3.8.so.1.0
#141 0x00007f5a9490ed6d in ?? () from /lib/x86_64-linux-gnu/libpython3.8.so.1.0
#142 0x00007f5a94916ef6 in _PyEval_EvalFrameDefault () from /lib/x86_64-linux-gnu/libpython3.8.so.1.0
#143 0x00007f5a9491a06b in ?? () from /lib/x86_64-linux-gnu/libpython3.8.so.1.0
#144 0x00007f5a9490ed6d in ?? () from /lib/x86_64-linux-gnu/libpython3.8.so.1.0
#145 0x00007f5a94910018 in _PyEval_EvalFrameDefault () from /lib/x86_64-linux-gnu/libpython3.8.so.1.0
#146 0x00007f5a9491a06b in ?? () from /lib/x86_64-linux-gnu/libpython3.8.so.1.0
#147 0x00007f5a9490ed6d in ?? () from /lib/x86_64-linux-gnu/libpython3.8.so.1.0
#148 0x00007f5a9491046d in _PyEval_EvalFrameDefault () from /lib/x86_64-linux-gnu/libpython3.8.so.1.0
#149 0x00007f5a9491a06b in ?? () from /lib/x86_64-linux-gnu/libpython3.8.so.1.0
#150 0x00007f5a9490ed6d in ?? () from /lib/x86_64-linux-gnu/libpython3.8.so.1.0
#151 0x00007f5a9491046d in _PyEval_EvalFrameDefault () from /lib/x86_64-linux-gnu/libpython3.8.so.1.0
#152 0x00007f5a9491a06b in ?? () from /lib/x86_64-linux-gnu/libpython3.8.so.1.0
#153 0x00007f5a94b42da8 in ?? () from /lib/x86_64-linux-gnu/libpython3.8.so.1.0
#154 0x00007f5a94b43000 in _PyObject_CallMethodIdObjArgs () from /lib/x86_64-linux-gnu/libpython3.8.so.1.0
#155 0x00007f5a94922c1e in PyImport_ImportModuleLevelObject () from /lib/x86_64-linux-gnu/libpython3.8.so.1.0
#156 0x00007f5a94a67e6e in ?? () from /lib/x86_64-linux-gnu/libpython3.8.so.1.0
#157 0x00007f5a94b42408 in ?? () from /lib/x86_64-linux-gnu/libpython3.8.so.1.0
#158 0x00007f5a94917f48 in _PyEval_EvalFrameDefault () from /lib/x86_64-linux-gnu/libpython3.8.so.1.0
#159 0x00007f5a94a64d3b in _PyEval_EvalCodeWithName () from /lib/x86_64-linux-gnu/libpython3.8.so.1.0
#160 0x00007f5a94b41de4 in _PyFunction_Vectorcall () from /lib/x86_64-linux-gnu/libpython3.8.so.1.0
#161 0x00007f5a9490ed6d in ?? () from /lib/x86_64-linux-gnu/libpython3.8.so.1.0
#162 0x00007f5a9491046d in _PyEval_EvalFrameDefault () from /lib/x86_64-linux-gnu/libpython3.8.so.1.0
#163 0x00007f5a94a64d3b in _PyEval_EvalCodeWithName () from /lib/x86_64-linux-gnu/libpython3.8.so.1.0
#164 0x00007f5a94b41de4 in _PyFunction_Vectorcall () from /lib/x86_64-linux-gnu/libpython3.8.so.1.0
#165 0x00007f5a94b42da8 in ?? () from /lib/x86_64-linux-gnu/libpython3.8.so.1.0
#166 0x00007f5a94b43000 in _PyObject_CallMethodIdObjArgs () from /lib/x86_64-linux-gnu/libpython3.8.so.1.0
#167 0x00007f5a94922e6a in PyImport_ImportModuleLevelObject () from /lib/x86_64-linux-gnu/libpython3.8.so.1.0
#168 0x00007f5a94916941 in _PyEval_EvalFrameDefault () from /lib/x86_64-linux-gnu/libpython3.8.so.1.0
#169 0x00007f5a94a64d3b in _PyEval_EvalCodeWithName () from /lib/x86_64-linux-gnu/libpython3.8.so.1.0
#170 0x00007f5a94a650c2 in PyEval_EvalCodeEx () from /lib/x86_64-linux-gnu/libpython3.8.so.1.0
#171 0x00007f5a94a654af in PyEval_EvalCode () from /lib/x86_64-linux-gnu/libpython3.8.so.1.0
#172 0x00007f5a94a69aa1 in ?? () from /lib/x86_64-linux-gnu/libpython3.8.so.1.0
#173 0x00007f5a94af93a7 in ?? () from /lib/x86_64-linux-gnu/libpython3.8.so.1.0
#174 0x00007f5a94b42500 in PyVectorcall_Call () from /lib/x86_64-linux-gnu/libpython3.8.so.1.0
#175 0x00007f5a94917f48 in _PyEval_EvalFrameDefault () from /lib/x86_64-linux-gnu/libpython3.8.so.1.0
#176 0x00007f5a94a64d3b in _PyEval_EvalCodeWithName () from /lib/x86_64-linux-gnu/libpython3.8.so.1.0
#177 0x00007f5a94b41de4 in _PyFunction_Vectorcall () from /lib/x86_64-linux-gnu/libpython3.8.so.1.0
#178 0x00007f5a9490ed6d in ?? () from /lib/x86_64-linux-gnu/libpython3.8.so.1.0
#179 0x00007f5a94916ef6 in _PyEval_EvalFrameDefault () from /lib/x86_64-linux-gnu/libpython3.8.so.1.0
#180 0x00007f5a9491a06b in ?? () from /lib/x86_64-linux-gnu/libpython3.8.so.1.0
#181 0x00007f5a9490ed6d in ?? () from /lib/x86_64-linux-gnu/libpython3.8.so.1.0
#182 0x00007f5a94910018 in _PyEval_EvalFrameDefault () from /lib/x86_64-linux-gnu/libpython3.8.so.1.0
#183 0x00007f5a9491a06b in ?? () from /lib/x86_64-linux-gnu/libpython3.8.so.1.0
#184 0x00007f5a9490ed6d in ?? () from /lib/x86_64-linux-gnu/libpython3.8.so.1.0
#185 0x00007f5a9491046d in _PyEval_EvalFrameDefault () from /lib/x86_64-linux-gnu/libpython3.8.so.1.0
#186 0x00007f5a9491a06b in ?? () from /lib/x86_64-linux-gnu/libpython3.8.so.1.0
#187 0x00007f5a9490ed6d in ?? () from /lib/x86_64-linux-gnu/libpython3.8.so.1.0
#188 0x00007f5a9491046d in _PyEval_EvalFrameDefault () from /lib/x86_64-linux-gnu/libpython3.8.so.1.0
#189 0x00007f5a9491a06b in ?? () from /lib/x86_64-linux-gnu/libpython3.8.so.1.0
#190 0x00007f5a94b42da8 in ?? () from /lib/x86_64-linux-gnu/libpython3.8.so.1.0
#191 0x00007f5a94b43000 in _PyObject_CallMethodIdObjArgs () from /lib/x86_64-linux-gnu/libpython3.8.so.1.0
#192 0x00007f5a94922c1e in PyImport_ImportModuleLevelObject () from /lib/x86_64-linux-gnu/libpython3.8.so.1.0
#193 0x00007f5a94a67e6e in ?? () from /lib/x86_64-linux-gnu/libpython3.8.so.1.0
#194 0x00007f5a94b42408 in ?? () from /lib/x86_64-linux-gnu/libpython3.8.so.1.0
#195 0x00007f5a94917f48 in _PyEval_EvalFrameDefault () from /lib/x86_64-linux-gnu/libpython3.8.so.1.0
#196 0x00007f5a94a64d3b in _PyEval_EvalCodeWithName () from /lib/x86_64-linux-gnu/libpython3.8.so.1.0
#197 0x00007f5a94b41de4 in _PyFunction_Vectorcall () from /lib/x86_64-linux-gnu/libpython3.8.so.1.0
#198 0x00007f5a9490ed6d in ?? () from /lib/x86_64-linux-gnu/libpython3.8.so.1.0
#199 0x00007f5a9491046d in _PyEval_EvalFrameDefault () from /lib/x86_64-linux-gnu/libpython3.8.so.1.0
#200 0x00007f5a94a64d3b in _PyEval_EvalCodeWithName () from /lib/x86_64-linux-gnu/libpython3.8.so.1.0
#201 0x00007f5a94b41de4 in _PyFunction_Vectorcall () from /lib/x86_64-linux-gnu/libpython3.8.so.1.0
#202 0x00007f5a94b42da8 in ?? () from /lib/x86_64-linux-gnu/libpython3.8.so.1.0
#203 0x00007f5a94b43000 in _PyObject_CallMethodIdObjArgs () from /lib/x86_64-linux-gnu/libpython3.8.so.1.0
#204 0x00007f5a94922e6a in PyImport_ImportModuleLevelObject () from /lib/x86_64-linux-gnu/libpython3.8.so.1.0
#205 0x00007f5a94916941 in _PyEval_EvalFrameDefault () from /lib/x86_64-linux-gnu/libpython3.8.so.1.0
#206 0x00007f5a94a64d3b in _PyEval_EvalCodeWithName () from /lib/x86_64-linux-gnu/libpython3.8.so.1.0
#207 0x00007f5a94a650c2 in PyEval_EvalCodeEx () from /lib/x86_64-linux-gnu/libpython3.8.so.1.0
#208 0x00007f5a94a654af in PyEval_EvalCode () from /lib/x86_64-linux-gnu/libpython3.8.so.1.0
#209 0x00007f5a94a69aa1 in ?? () from /lib/x86_64-linux-gnu/libpython3.8.so.1.0
#210 0x00007f5a94af93a7 in ?? () from /lib/x86_64-linux-gnu/libpython3.8.so.1.0
#211 0x00007f5a94b42500 in PyVectorcall_Call () from /lib/x86_64-linux-gnu/libpython3.8.so.1.0
#212 0x00007f5a94917f48 in _PyEval_EvalFrameDefault () from /lib/x86_64-linux-gnu/libpython3.8.so.1.0
#213 0x00007f5a94a64d3b in _PyEval_EvalCodeWithName () from /lib/x86_64-linux-gnu/libpython3.8.so.1.0
#214 0x00007f5a94b41de4 in _PyFunction_Vectorcall () from /lib/x86_64-linux-gnu/libpython3.8.so.1.0
#215 0x00007f5a9490ed6d in ?? () from /lib/x86_64-linux-gnu/libpython3.8.so.1.0
#216 0x00007f5a94916ef6 in _PyEval_EvalFrameDefault () from /lib/x86_64-linux-gnu/libpython3.8.so.1.0
#217 0x00007f5a9491a06b in ?? () from /lib/x86_64-linux-gnu/libpython3.8.so.1.0
#218 0x00007f5a9490ed6d in ?? () from /lib/x86_64-linux-gnu/libpython3.8.so.1.0
#219 0x00007f5a94910018 in _PyEval_EvalFrameDefault () from /lib/x86_64-linux-gnu/libpython3.8.so.1.0
#220 0x00007f5a9491a06b in ?? () from /lib/x86_64-linux-gnu/libpython3.8.so.1.0
#221 0x00007f5a9490ed6d in ?? () from /lib/x86_64-linux-gnu/libpython3.8.so.1.0
#222 0x00007f5a9491046d in _PyEval_EvalFrameDefault () from /lib/x86_64-linux-gnu/libpython3.8.so.1.0
#223 0x00007f5a9491a06b in ?? () from /lib/x86_64-linux-gnu/libpython3.8.so.1.0
#224 0x00007f5a9490ed6d in ?? () from /lib/x86_64-linux-gnu/libpython3.8.so.1.0
#225 0x00007f5a9491046d in _PyEval_EvalFrameDefault () from /lib/x86_64-linux-gnu/libpython3.8.so.1.0
#226 0x00007f5a9491a06b in ?? () from /lib/x86_64-linux-gnu/libpython3.8.so.1.0
#227 0x00007f5a94b42da8 in ?? () from /lib/x86_64-linux-gnu/libpython3.8.so.1.0
#228 0x00007f5a94b43000 in _PyObject_CallMethodIdObjArgs () from /lib/x86_64-linux-gnu/libpython3.8.so.1.0
#229 0x00007f5a94922c1e in PyImport_ImportModuleLevelObject () from /lib/x86_64-linux-gnu/libpython3.8.so.1.0
#230 0x00007f5a94a67e6e in ?? () from /lib/x86_64-linux-gnu/libpython3.8.so.1.0
#231 0x00007f5a94b42408 in ?? () from /lib/x86_64-linux-gnu/libpython3.8.so.1.0
#232 0x00007f5a94917f48 in _PyEval_EvalFrameDefault () from /lib/x86_64-linux-gnu/libpython3.8.so.1.0
#233 0x00007f5a94a64d3b in _PyEval_EvalCodeWithName () from /lib/x86_64-linux-gnu/libpython3.8.so.1.0
#234 0x00007f5a94b41de4 in _PyFunction_Vectorcall () from /lib/x86_64-linux-gnu/libpython3.8.so.1.0
#235 0x00007f5a9490ed6d in ?? () from /lib/x86_64-linux-gnu/libpython3.8.so.1.0
#236 0x00007f5a9491046d in _PyEval_EvalFrameDefault () from /lib/x86_64-linux-gnu/libpython3.8.so.1.0
#237 0x00007f5a94a64d3b in _PyEval_EvalCodeWithName () from /lib/x86_64-linux-gnu/libpython3.8.so.1.0
#238 0x00007f5a94b41de4 in _PyFunction_Vectorcall () from /lib/x86_64-linux-gnu/libpython3.8.so.1.0
#239 0x00007f5a94b42da8 in ?? () from /lib/x86_64-linux-gnu/libpython3.8.so.1.0
#240 0x00007f5a94b43000 in _PyObject_CallMethodIdObjArgs () from /lib/x86_64-linux-gnu/libpython3.8.so.1.0
#241 0x00007f5a94922e6a in PyImport_ImportModuleLevelObject () from /lib/x86_64-linux-gnu/libpython3.8.so.1.0
#242 0x00007f5a94916941 in _PyEval_EvalFrameDefault () from /lib/x86_64-linux-gnu/libpython3.8.so.1.0
#243 0x00007f5a94a64d3b in _PyEval_EvalCodeWithName () from /lib/x86_64-linux-gnu/libpython3.8.so.1.0
#244 0x00007f5a94a650c2 in PyEval_EvalCodeEx () from /lib/x86_64-linux-gnu/libpython3.8.so.1.0
#245 0x00007f5a94a654af in PyEval_EvalCode () from /lib/x86_64-linux-gnu/libpython3.8.so.1.0
#246 0x00007f5a94a69aa1 in ?? () from /lib/x86_64-linux-gnu/libpython3.8.so.1.0
#247 0x00007f5a94af93a7 in ?? () from /lib/x86_64-linux-gnu/libpython3.8.so.1.0
#248 0x00007f5a94b42500 in PyVectorcall_Call () from /lib/x86_64-linux-gnu/libpython3.8.so.1.0
#249 0x00007f5a94917f48 in _PyEval_EvalFrameDefault () from /lib/x86_64-linux-gnu/libpython3.8.so.1.0
#250 0x00007f5a94a64d3b in _PyEval_EvalCodeWithName () from /lib/x86_64-linux-gnu/libpython3.8.so.1.0
#251 0x00007f5a94b41de4 in _PyFunction_Vectorcall () from /lib/x86_64-linux-gnu/libpython3.8.so.1.0
#252 0x00007f5a9490ed6d in ?? () from /lib/x86_64-linux-gnu/libpython3.8.so.1.0
#253 0x00007f5a94916ef6 in _PyEval_EvalFrameDefault () from /lib/x86_64-linux-gnu/libpython3.8.so.1.0
#254 0x00007f5a9491a06b in ?? () from /lib/x86_64-linux-gnu/libpython3.8.so.1.0
#255 0x00007f5a9490ed6d in ?? () from /lib/x86_64-linux-gnu/libpython3.8.so.1.0
#256 0x00007f5a94910018 in _PyEval_EvalFrameDefault () from /lib/x86_64-linux-gnu/libpython3.8.so.1.0
#257 0x00007f5a9491a06b in ?? () from /lib/x86_64-linux-gnu/libpython3.8.so.1.0
#258 0x00007f5a9490ed6d in ?? () from /lib/x86_64-linux-gnu/libpython3.8.so.1.0
#259 0x00007f5a9491046d in _PyEval_EvalFrameDefault () from /lib/x86_64-linux-gnu/libpython3.8.so.1.0
#260 0x00007f5a9491a06b in ?? () from /lib/x86_64-linux-gnu/libpython3.8.so.1.0
#261 0x00007f5a9490ed6d in ?? () from /lib/x86_64-linux-gnu/libpython3.8.so.1.0
#262 0x00007f5a9491046d in _PyEval_EvalFrameDefault () from /lib/x86_64-linux-gnu/libpython3.8.so.1.0
#263 0x00007f5a9491a06b in ?? () from /lib/x86_64-linux-gnu/libpython3.8.so.1.0
#264 0x00007f5a94b42da8 in ?? () from /lib/x86_64-linux-gnu/libpython3.8.so.1.0
#265 0x00007f5a94b43000 in _PyObject_CallMethodIdObjArgs () from /lib/x86_64-linux-gnu/libpython3.8.so.1.0
#266 0x00007f5a94922c1e in PyImport_ImportModuleLevelObject () from /lib/x86_64-linux-gnu/libpython3.8.so.1.0
#267 0x00007f5a94a67e6e in ?? () from /lib/x86_64-linux-gnu/libpython3.8.so.1.0
#268 0x00007f5a94b42408 in ?? () from /lib/x86_64-linux-gnu/libpython3.8.so.1.0
#269 0x00007f5a94917f48 in _PyEval_EvalFrameDefault () from /lib/x86_64-linux-gnu/libpython3.8.so.1.0
#270 0x00007f5a94a64d3b in _PyEval_EvalCodeWithName () from /lib/x86_64-linux-gnu/libpython3.8.so.1.0
#271 0x00007f5a94b41de4 in _PyFunction_Vectorcall () from /lib/x86_64-linux-gnu/libpython3.8.so.1.0
#272 0x00007f5a9490ed6d in ?? () from /lib/x86_64-linux-gnu/libpython3.8.so.1.0
#273 0x00007f5a9491046d in _PyEval_EvalFrameDefault () from /lib/x86_64-linux-gnu/libpython3.8.so.1.0
#274 0x00007f5a9491a06b in ?? () from /lib/x86_64-linux-gnu/libpython3.8.so.1.0
#275 0x00007f5a9490ed6d in ?? () from /lib/x86_64-linux-gnu/libpython3.8.so.1.0
#276 0x00007f5a9491046d in _PyEval_EvalFrameDefault () from /lib/x86_64-linux-gnu/libpython3.8.so.1.0
#277 0x00007f5a9491a06b in ?? () from /lib/x86_64-linux-gnu/libpython3.8.so.1.0
#278 0x00007f5a94b42da8 in ?? () from /lib/x86_64-linux-gnu/libpython3.8.so.1.0
#279 0x00007f5a94b43000 in _PyObject_CallMethodIdObjArgs () from /lib/x86_64-linux-gnu/libpython3.8.so.1.0
#280 0x00007f5a94922c1e in PyImport_ImportModuleLevelObject () from /lib/x86_64-linux-gnu/libpython3.8.so.1.0
#281 0x00007f5a94916941 in _PyEval_EvalFrameDefault () from /lib/x86_64-linux-gnu/libpython3.8.so.1.0
#282 0x00007f5a94a64d3b in _PyEval_EvalCodeWithName () from /lib/x86_64-linux-gnu/libpython3.8.so.1.0
#283 0x00007f5a94a650c2 in PyEval_EvalCodeEx () from /lib/x86_64-linux-gnu/libpython3.8.so.1.0
#284 0x00007f5a94a654af in PyEval_EvalCode () from /lib/x86_64-linux-gnu/libpython3.8.so.1.0
#285 0x00007f5a94a69aa1 in ?? () from /lib/x86_64-linux-gnu/libpython3.8.so.1.0
#286 0x00007f5a94af93a7 in ?? () from /lib/x86_64-linux-gnu/libpython3.8.so.1.0
#287 0x00007f5a94b42500 in PyVectorcall_Call () from /lib/x86_64-linux-gnu/libpython3.8.so.1.0
#288 0x00007f5a94917f48 in _PyEval_EvalFrameDefault () from /lib/x86_64-linux-gnu/libpython3.8.so.1.0
#289 0x00007f5a94a64d3b in _PyEval_EvalCodeWithName () from /lib/x86_64-linux-gnu/libpython3.8.so.1.0
#290 0x00007f5a94b41de4 in _PyFunction_Vectorcall () from /lib/x86_64-linux-gnu/libpython3.8.so.1.0
#291 0x00007f5a9490ed6d in ?? () from /lib/x86_64-linux-gnu/libpython3.8.so.1.0
#292 0x00007f5a94916ef6 in _PyEval_EvalFrameDefault () from /lib/x86_64-linux-gnu/libpython3.8.so.1.0
#293 0x00007f5a9491a06b in ?? () from /lib/x86_64-linux-gnu/libpython3.8.so.1.0
#294 0x00007f5a9490ed6d in ?? () from /lib/x86_64-linux-gnu/libpython3.8.so.1.0
#295 0x00007f5a94910018 in _PyEval_EvalFrameDefault () from /lib/x86_64-linux-gnu/libpython3.8.so.1.0
#296 0x00007f5a9491a06b in ?? () from /lib/x86_64-linux-gnu/libpython3.8.so.1.0
#297 0x00007f5a9490ed6d in ?? () from /lib/x86_64-linux-gnu/libpython3.8.so.1.0
#298 0x00007f5a9491046d in _PyEval_EvalFrameDefault () from /lib/x86_64-linux-gnu/libpython3.8.so.1.0
#299 0x00007f5a9491a06b in ?? () from /lib/x86_64-linux-gnu/libpython3.8.so.1.0
#300 0x00007f5a9490ed6d in ?? () from /lib/x86_64-linux-gnu/libpython3.8.so.1.0
#301 0x00007f5a9491046d in _PyEval_EvalFrameDefault () from /lib/x86_64-linux-gnu/libpython3.8.so.1.0
#302 0x00007f5a9491a06b in ?? () from /lib/x86_64-linux-gnu/libpython3.8.so.1.0
#303 0x00007f5a94b42da8 in ?? () from /lib/x86_64-linux-gnu/libpython3.8.so.1.0
#304 0x00007f5a94b43000 in _PyObject_CallMethodIdObjArgs () from /lib/x86_64-linux-gnu/libpython3.8.so.1.0
#305 0x00007f5a94922c1e in PyImport_ImportModuleLevelObject () from /lib/x86_64-linux-gnu/libpython3.8.so.1.0
#306 0x00007f5a94a67e6e in ?? () from /lib/x86_64-linux-gnu/libpython3.8.so.1.0
#307 0x00007f5a94b42408 in ?? () from /lib/x86_64-linux-gnu/libpython3.8.so.1.0
#308 0x00007f5a94917f48 in _PyEval_EvalFrameDefault () from /lib/x86_64-linux-gnu/libpython3.8.so.1.0
#309 0x00007f5a94a64d3b in _PyEval_EvalCodeWithName () from /lib/x86_64-linux-gnu/libpython3.8.so.1.0
#310 0x00007f5a94b41de4 in _PyFunction_Vectorcall () from /lib/x86_64-linux-gnu/libpython3.8.so.1.0
#311 0x00007f5a9490ed6d in ?? () from /lib/x86_64-linux-gnu/libpython3.8.so.1.0
#312 0x00007f5a9491046d in _PyEval_EvalFrameDefault () from /lib/x86_64-linux-gnu/libpython3.8.so.1.0
#313 0x00007f5a9491a06b in ?? () from /lib/x86_64-linux-gnu/libpython3.8.so.1.0
#314 0x00007f5a9490ed6d in ?? () from /lib/x86_64-linux-gnu/libpython3.8.so.1.0
#315 0x00007f5a9491046d in _PyEval_EvalFrameDefault () from /lib/x86_64-linux-gnu/libpython3.8.so.1.0
#316 0x00007f5a9491a06b in ?? () from /lib/x86_64-linux-gnu/libpython3.8.so.1.0
#317 0x00007f5a94b42da8 in ?? () from /lib/x86_64-linux-gnu/libpython3.8.so.1.0
#318 0x00007f5a94b43000 in _PyObject_CallMethodIdObjArgs () from /lib/x86_64-linux-gnu/libpython3.8.so.1.0
#319 0x00007f5a94922c1e in PyImport_ImportModuleLevelObject () from /lib/x86_64-linux-gnu/libpython3.8.so.1.0
#320 0x00007f5a94a67e6e in ?? () from /lib/x86_64-linux-gnu/libpython3.8.so.1.0
#321 0x00007f5a94b42408 in ?? () from /lib/x86_64-linux-gnu/libpython3.8.so.1.0
#322 0x00007f5a94917f48 in _PyEval_EvalFrameDefault () from /lib/x86_64-linux-gnu/libpython3.8.so.1.0
#323 0x00007f5a94a64d3b in _PyEval_EvalCodeWithName () from /lib/x86_64-linux-gnu/libpython3.8.so.1.0
#324 0x00007f5a94b41de4 in _PyFunction_Vectorcall () from /lib/x86_64-linux-gnu/libpython3.8.so.1.0
#325 0x00007f5a9490ed6d in ?? () from /lib/x86_64-linux-gnu/libpython3.8.so.1.0
#326 0x00007f5a9491046d in _PyEval_EvalFrameDefault () from /lib/x86_64-linux-gnu/libpython3.8.so.1.0
#327 0x00007f5a9491a06b in ?? () from /lib/x86_64-linux-gnu/libpython3.8.so.1.0
#328 0x00007f5a9490ed6d in ?? () from /lib/x86_64-linux-gnu/libpython3.8.so.1.0
#329 0x00007f5a9491046d in _PyEval_EvalFrameDefault () from /lib/x86_64-linux-gnu/libpython3.8.so.1.0
#330 0x00007f5a9491a06b in ?? () from /lib/x86_64-linux-gnu/libpython3.8.so.1.0
#331 0x00007f5a94b42da8 in ?? () from /lib/x86_64-linux-gnu/libpython3.8.so.1.0
#332 0x00007f5a94b43000 in _PyObject_CallMethodIdObjArgs () from /lib/x86_64-linux-gnu/libpython3.8.so.1.0
#333 0x00007f5a94922c1e in PyImport_ImportModuleLevelObject () from /lib/x86_64-linux-gnu/libpython3.8.so.1.0
#334 0x00007f5a94a67e6e in ?? () from /lib/x86_64-linux-gnu/libpython3.8.so.1.0
#335 0x00007f5a94b42408 in ?? () from /lib/x86_64-linux-gnu/libpython3.8.so.1.0
#336 0x00007f5a94917f48 in _PyEval_EvalFrameDefault () from /lib/x86_64-linux-gnu/libpython3.8.so.1.0
#337 0x00007f5a94a64d3b in _PyEval_EvalCodeWithName () from /lib/x86_64-linux-gnu/libpython3.8.so.1.0
#338 0x00007f5a94b41de4 in _PyFunction_Vectorcall () from /lib/x86_64-linux-gnu/libpython3.8.so.1.0
#339 0x00007f5a9490ed6d in ?? () from /lib/x86_64-linux-gnu/libpython3.8.so.1.0
#340 0x00007f5a9491046d in _PyEval_EvalFrameDefault () from /lib/x86_64-linux-gnu/libpython3.8.so.1.0
#341 0x00007f5a9491a06b in ?? () from /lib/x86_64-linux-gnu/libpython3.8.so.1.0
#342 0x00007f5a9490ed6d in ?? () from /lib/x86_64-linux-gnu/libpython3.8.so.1.0
#343 0x00007f5a9491046d in _PyEval_EvalFrameDefault () from /lib/x86_64-linux-gnu/libpython3.8.so.1.0
#344 0x00007f5a9491a06b in ?? () from /lib/x86_64-linux-gnu/libpython3.8.so.1.0
#345 0x00007f5a94b42da8 in ?? () from /lib/x86_64-linux-gnu/libpython3.8.so.1.0
#346 0x00007f5a94b43000 in _PyObject_CallMethodIdObjArgs () from /lib/x86_64-linux-gnu/libpython3.8.so.1.0
#347 0x00007f5a94922c1e in PyImport_ImportModuleLevelObject () from /lib/x86_64-linux-gnu/libpython3.8.so.1.0
#348 0x00007f5a94a67e6e in ?? () from /lib/x86_64-linux-gnu/libpython3.8.so.1.0
#349 0x00007f5a94b42408 in ?? () from /lib/x86_64-linux-gnu/libpython3.8.so.1.0
#350 0x00007f5a94917f48 in _PyEval_EvalFrameDefault () from /lib/x86_64-linux-gnu/libpython3.8.so.1.0
#351 0x00007f5a94a64d3b in _PyEval_EvalCodeWithName () from /lib/x86_64-linux-gnu/libpython3.8.so.1.0
#352 0x00007f5a94b41de4 in _PyFunction_Vectorcall () from /lib/x86_64-linux-gnu/libpython3.8.so.1.0
#353 0x00007f5a9490ed6d in ?? () from /lib/x86_64-linux-gnu/libpython3.8.so.1.0
#354 0x00007f5a9491046d in _PyEval_EvalFrameDefault () from /lib/x86_64-linux-gnu/libpython3.8.so.1.0
#355 0x00007f5a9491a06b in ?? () from /lib/x86_64-linux-gnu/libpython3.8.so.1.0
#356 0x00007f5a9490ed6d in ?? () from /lib/x86_64-linux-gnu/libpython3.8.so.1.0
#357 0x00007f5a9491046d in _PyEval_EvalFrameDefault () from /lib/x86_64-linux-gnu/libpython3.8.so.1.0
#358 0x00007f5a9491a06b in ?? () from /lib/x86_64-linux-gnu/libpython3.8.so.1.0
#359 0x00007f5a94b42da8 in ?? () from /lib/x86_64-linux-gnu/libpython3.8.so.1.0
#360 0x00007f5a94b43000 in _PyObject_CallMethodIdObjArgs () from /lib/x86_64-linux-gnu/libpython3.8.so.1.0
#361 0x00007f5a94922c1e in PyImport_ImportModuleLevelObject () from /lib/x86_64-linux-gnu/libpython3.8.so.1.0
#362 0x00007f5a94916941 in _PyEval_EvalFrameDefault () from /lib/x86_64-linux-gnu/libpython3.8.so.1.0
#363 0x00007f5a94a64d3b in _PyEval_EvalCodeWithName () from /lib/x86_64-linux-gnu/libpython3.8.so.1.0
#364 0x00007f5a94a650c2 in PyEval_EvalCodeEx () from /lib/x86_64-linux-gnu/libpython3.8.so.1.0
#365 0x00007f5a94a654af in PyEval_EvalCode () from /lib/x86_64-linux-gnu/libpython3.8.so.1.0
#366 0x00007f5a94a69aa1 in ?? () from /lib/x86_64-linux-gnu/libpython3.8.so.1.0
#367 0x00007f5a94af93a7 in ?? () from /lib/x86_64-linux-gnu/libpython3.8.so.1.0
#368 0x00007f5a94b42500 in PyVectorcall_Call () from /lib/x86_64-linux-gnu/libpython3.8.so.1.0
#369 0x00007f5a94917f48 in _PyEval_EvalFrameDefault () from /lib/x86_64-linux-gnu/libpython3.8.so.1.0
#370 0x00007f5a94a64d3b in _PyEval_EvalCodeWithName () from /lib/x86_64-linux-gnu/libpython3.8.so.1.0
#371 0x00007f5a94b41de4 in _PyFunction_Vectorcall () from /lib/x86_64-linux-gnu/libpython3.8.so.1.0
#372 0x00007f5a9490ed6d in ?? () from /lib/x86_64-linux-gnu/libpython3.8.so.1.0
#373 0x00007f5a94916ef6 in _PyEval_EvalFrameDefault () from /lib/x86_64-linux-gnu/libpython3.8.so.1.0
#374 0x00007f5a9491a06b in ?? () from /lib/x86_64-linux-gnu/libpython3.8.so.1.0
#375 0x00007f5a9490ed6d in ?? () from /lib/x86_64-linux-gnu/libpython3.8.so.1.0
#376 0x00007f5a94910018 in _PyEval_EvalFrameDefault () from /lib/x86_64-linux-gnu/libpython3.8.so.1.0
#377 0x00007f5a9491a06b in ?? () from /lib/x86_64-linux-gnu/libpython3.8.so.1.0
#378 0x00007f5a9490ed6d in ?? () from /lib/x86_64-linux-gnu/libpython3.8.so.1.0
#379 0x00007f5a9491046d in _PyEval_EvalFrameDefault () from /lib/x86_64-linux-gnu/libpython3.8.so.1.0
#380 0x00007f5a9491a06b in ?? () from /lib/x86_64-linux-gnu/libpython3.8.so.1.0
#381 0x00007f5a9490ed6d in ?? () from /lib/x86_64-linux-gnu/libpython3.8.so.1.0
#382 0x00007f5a9491046d in _PyEval_EvalFrameDefault () from /lib/x86_64-linux-gnu/libpython3.8.so.1.0
#383 0x00007f5a9491a06b in ?? () from /lib/x86_64-linux-gnu/libpython3.8.so.1.0
#384 0x00007f5a94b42da8 in ?? () from /lib/x86_64-linux-gnu/libpython3.8.so.1.0
#385 0x00007f5a94b43000 in _PyObject_CallMethodIdObjArgs () from /lib/x86_64-linux-gnu/libpython3.8.so.1.0
#386 0x00007f5a94922c1e in PyImport_ImportModuleLevelObject () from /lib/x86_64-linux-gnu/libpython3.8.so.1.0
#387 0x00007f5a94a67e6e in ?? () from /lib/x86_64-linux-gnu/libpython3.8.so.1.0
#388 0x00007f5a94b42408 in ?? () from /lib/x86_64-linux-gnu/libpython3.8.so.1.0
#389 0x00007f5a94917f48 in _PyEval_EvalFrameDefault () from /lib/x86_64-linux-gnu/libpython3.8.so.1.0
#390 0x00007f5a94a64d3b in _PyEval_EvalCodeWithName () from /lib/x86_64-linux-gnu/libpython3.8.so.1.0
#391 0x00007f5a94b41de4 in _PyFunction_Vectorcall () from /lib/x86_64-linux-gnu/libpython3.8.so.1.0
#392 0x00007f5a9490ed6d in ?? () from /lib/x86_64-linux-gnu/libpython3.8.so.1.0
#393 0x00007f5a9491046d in _PyEval_EvalFrameDefault () from /lib/x86_64-linux-gnu/libpython3.8.so.1.0
#394 0x00007f5a9491a06b in ?? () from /lib/x86_64-linux-gnu/libpython3.8.so.1.0
#395 0x00007f5a9490ed6d in ?? () from /lib/x86_64-linux-gnu/libpython3.8.so.1.0
#396 0x00007f5a9491046d in _PyEval_EvalFrameDefault () from /lib/x86_64-linux-gnu/libpython3.8.so.1.0
#397 0x00007f5a9491a06b in ?? () from /lib/x86_64-linux-gnu/libpython3.8.so.1.0
#398 0x00007f5a94b42da8 in ?? () from /lib/x86_64-linux-gnu/libpython3.8.so.1.0
#399 0x00007f5a94b43000 in _PyObject_CallMethodIdObjArgs () from /lib/x86_64-linux-gnu/libpython3.8.so.1.0
#400 0x00007f5a94922c1e in PyImport_ImportModuleLevelObject () from /lib/x86_64-linux-gnu/libpython3.8.so.1.0
#401 0x00007f5a94916941 in _PyEval_EvalFrameDefault () from /lib/x86_64-linux-gnu/libpython3.8.so.1.0
#402 0x00007f5a94a64d3b in _PyEval_EvalCodeWithName () from /lib/x86_64-linux-gnu/libpython3.8.so.1.0
#403 0x00007f5a94a650c2 in PyEval_EvalCodeEx () from /lib/x86_64-linux-gnu/libpython3.8.so.1.0
#404 0x00007f5a94a654af in PyEval_EvalCode () from /lib/x86_64-linux-gnu/libpython3.8.so.1.0
#405 0x00007f5a94a25f0c in ?? () from /lib/x86_64-linux-gnu/libpython3.8.so.1.0
#406 0x00007f5a94a26269 in PyRun_StringFlags () from /lib/x86_64-linux-gnu/libpython3.8.so.1.0
#407 0x00007f5a94a2756d in PyRun_SimpleStringFlags () from /lib/x86_64-linux-gnu/libpython3.8.so.1.0
#408 0x00007f5a9510e2fa in TMVA::Experimental::SOFIE::PyKeras::Parse(std::__cxx11::basic_string<char, std::char_traits<char>, std::allocator<char> >) () from /media/sanjiban/Applications1/GSoC21/root-dev/install/lib/libROOTTMVASofie.so
#409 0x00007f5aa3517059 in ?? ()
#410 0x00007ffd26a3f928 in ?? ()
#411 0x00007ffd26a3fa50 in ?? ()
#412 0x00007ffd26a3f9e0 in ?? ()
#413 0xc2cf0460434cef00 in ?? ()
#414 0x00007ffd26a3f940 in ?? ()
#415 0x0000000000000008 in ?? ()
#416 0x35682e6c65646f6d in ?? ()
#417 0x00007f5aa501ed00 in cling::MultiplexInterpreterCallbacks::LibraryLoaded(void const*, llvm::StringRef) () from /media/sanjiban/Applications1/GSoC21/root-dev/install/lib/libCling.so
#418 0x00007ffd26a3fa50 in ?? ()
#419 0x0000000000000000 in ?? ()
===========================================================


Root > 


