CMake Warning at cmake/modules/RootMacros.cmake:861 (add_library):
  Cannot generate a safe runtime search path for target Genetic because there
  is a cycle in the constraint graph:

    dir 0 is [/media/sanjiban/Applications1/GSoC21/root-dev/build/lib]
      dir 1 must precede it due to runtime library [libvdt.so]
    dir 1 is [/media/sanjiban/Applications1/GSoC21/root-dev/install/lib]
      dir 0 must precede it due to runtime library [libTMVA.so]

  Some of these libraries may not be found correctly.
Call Stack (most recent call first):
  cmake/modules/RootMacros.cmake:1287 (ROOT_LINKER_LIBRARY)
  math/genetic/CMakeLists.txt:11 (ROOT_STANDARD_LIBRARY_PACKAGE)


CMake Warning at cmake/modules/RootMacros.cmake:861 (add_library):
  Cannot generate a safe runtime search path for target ROOTVecOps because
  there is a cycle in the constraint graph:

    dir 0 is [/media/sanjiban/Applications1/GSoC21/root-dev/build/lib]
      dir 1 must precede it due to runtime library [libvdt.so]
    dir 1 is [/media/sanjiban/Applications1/GSoC21/root-dev/install/lib]
      dir 0 must precede it due to runtime library [libCore.so]

  Some of these libraries may not be found correctly.
Call Stack (most recent call first):
  cmake/modules/RootMacros.cmake:1287 (ROOT_LINKER_LIBRARY)
  math/vecops/CMakeLists.txt:15 (ROOT_STANDARD_LIBRARY_PACKAGE)


CMake Warning at cmake/modules/RootMacros.cmake:861 (add_library):
  Cannot generate a safe runtime search path for target ROOTDataFrame because
  there is a cycle in the constraint graph:

    dir 0 is [/media/sanjiban/Applications1/GSoC21/root-dev/build/lib]
      dir 1 must precede it due to runtime library [libvdt.so]
    dir 1 is [/media/sanjiban/Applications1/GSoC21/root-dev/install/lib]
      dir 0 must precede it due to runtime library [libTreePlayer.so]

  Some of these libraries may not be found correctly.
Call Stack (most recent call first):
  cmake/modules/RootMacros.cmake:1287 (ROOT_LINKER_LIBRARY)
  tree/dataframe/CMakeLists.txt:34 (ROOT_STANDARD_LIBRARY_PACKAGE)


CMake Warning at cmake/modules/RootMacros.cmake:861 (add_library):
  Cannot generate a safe runtime search path for target ROOTNTuple because
  there is a cycle in the constraint graph:

    dir 0 is [/media/sanjiban/Applications1/GSoC21/root-dev/build/lib]
      dir 1 must precede it due to runtime library [libvdt.so]
    dir 1 is [/media/sanjiban/Applications1/GSoC21/root-dev/install/lib]
      dir 0 must precede it due to runtime library [libImt.so]

  Some of these libraries may not be found correctly.
Call Stack (most recent call first):
  cmake/modules/RootMacros.cmake:1287 (ROOT_LINKER_LIBRARY)
  tree/ntuple/CMakeLists.txt:16 (ROOT_STANDARD_LIBRARY_PACKAGE)


CMake Warning at cmake/modules/RootMacros.cmake:861 (add_library):
  Cannot generate a safe runtime search path for target
  ROOTNTupleBrowseProvider because there is a cycle in the constraint graph:

    dir 0 is [/media/sanjiban/Applications1/GSoC21/root-dev/build/lib]
      dir 1 must precede it due to runtime library [libvdt.so]
    dir 1 is [/media/sanjiban/Applications1/GSoC21/root-dev/install/lib]
      dir 0 must precede it due to runtime library [libROOTBrowsable.so]

  Some of these libraries may not be found correctly.
Call Stack (most recent call first):
  gui/browsable/CMakeLists.txt:105 (ROOT_LINKER_LIBRARY)


CMake Warning at cmake/modules/RootMacros.cmake:861 (add_library):
  Cannot generate a safe runtime search path for target
  ROOTNTupleDraw7Provider because there is a cycle in the constraint graph:

    dir 0 is [/media/sanjiban/Applications1/GSoC21/root-dev/build/lib]
      dir 1 must precede it due to runtime library [libvdt.so]
    dir 1 is [/media/sanjiban/Applications1/GSoC21/root-dev/install/lib]
      dir 0 must precede it due to runtime library [libROOTBrowsable.so]

  Some of these libraries may not be found correctly.
Call Stack (most recent call first):
  gui/browsable/CMakeLists.txt:121 (ROOT_LINKER_LIBRARY)


CMake Warning at cmake/modules/RootMacros.cmake:861 (add_library):
  Cannot generate a safe runtime search path for target
  ROOTNTupleDraw6Provider because there is a cycle in the constraint graph:

    dir 0 is [/media/sanjiban/Applications1/GSoC21/root-dev/build/lib]
      dir 1 must precede it due to runtime library [libvdt.so]
    dir 1 is [/media/sanjiban/Applications1/GSoC21/root-dev/install/lib]
      dir 0 must precede it due to runtime library [libROOTBrowsable.so]

  Some of these libraries may not be found correctly.
Call Stack (most recent call first):
  gui/browsable/CMakeLists.txt:112 (ROOT_LINKER_LIBRARY)


CMake Warning at cmake/modules/RootMacros.cmake:861 (add_library):
  Cannot generate a safe runtime search path for target TMVA because there is
  a cycle in the constraint graph:

    dir 0 is [/media/sanjiban/Applications1/GSoC21/root-dev/build/lib]
      dir 1 must precede it due to runtime library [libvdt.so]
    dir 1 is [/media/sanjiban/Applications1/GSoC21/root-dev/install/lib]
      dir 0 must precede it due to runtime library [libMinuit.so]

  Some of these libraries may not be found correctly.
Call Stack (most recent call first):
  cmake/modules/RootMacros.cmake:1287 (ROOT_LINKER_LIBRARY)
  tmva/tmva/CMakeLists.txt:51 (ROOT_STANDARD_LIBRARY_PACKAGE)


CMake Warning at cmake/modules/RootMacros.cmake:861 (add_library):
  Cannot generate a safe runtime search path for target TMVAGui because there
  is a cycle in the constraint graph:

    dir 0 is [/media/sanjiban/Applications1/GSoC21/root-dev/build/lib]
      dir 1 must precede it due to runtime library [libvdt.so]
    dir 1 is [/media/sanjiban/Applications1/GSoC21/root-dev/install/lib]
      dir 0 must precede it due to runtime library [libTreeViewer.so]

  Some of these libraries may not be found correctly.
Call Stack (most recent call first):
  cmake/modules/RootMacros.cmake:1287 (ROOT_LINKER_LIBRARY)
  tmva/tmvagui/CMakeLists.txt:12 (ROOT_STANDARD_LIBRARY_PACKAGE)


CMake Warning at cmake/modules/RootMacros.cmake:861 (add_library):
  Cannot generate a safe runtime search path for target PyMVA because there
  is a cycle in the constraint graph:

    dir 0 is [/home/sanjiban/anaconda3/lib]
    dir 1 is [/media/sanjiban/Applications1/GSoC21/root-dev/build/lib]
      dir 2 must precede it due to runtime library [libvdt.so]
    dir 2 is [/media/sanjiban/Applications1/GSoC21/root-dev/install/lib]
      dir 1 must precede it due to runtime library [libTMVA.so]

  Some of these libraries may not be found correctly.
Call Stack (most recent call first):
  cmake/modules/RootMacros.cmake:1287 (ROOT_LINKER_LIBRARY)
  tmva/pymva/CMakeLists.txt:15 (ROOT_STANDARD_LIBRARY_PACKAGE)


CMake Warning at cmake/modules/RootMacros.cmake:861 (add_library):
  Cannot generate a safe runtime search path for target ROOTTMVASofie because
  there is a cycle in the constraint graph:

    dir 0 is [/usr/local/lib]
    dir 1 is [/media/sanjiban/Applications1/GSoC21/root-dev/build/lib]
      dir 2 must precede it due to runtime library [libvdt.so]
    dir 2 is [/media/sanjiban/Applications1/GSoC21/root-dev/install/lib]
      dir 1 must precede it due to runtime library [libTMVA.so]

  Some of these libraries may not be found correctly.
Call Stack (most recent call first):
  cmake/modules/RootMacros.cmake:1287 (ROOT_LINKER_LIBRARY)
  tmva/sofie/CMakeLists.txt:17 (ROOT_STANDARD_LIBRARY_PACKAGE)


CMake Warning at cmake/modules/RootMacros.cmake:861 (add_library):
  Cannot generate a safe runtime search path for target
  RooFitRDataFrameHelpers because there is a cycle in the constraint graph:

    dir 0 is [/media/sanjiban/Applications1/GSoC21/root-dev/build/lib]
      dir 1 must precede it due to runtime library [libvdt.so]
    dir 1 is [/media/sanjiban/Applications1/GSoC21/root-dev/install/lib]
      dir 0 must precede it due to runtime library [libROOTDataFrame.so]

  Some of these libraries may not be found correctly.
Call Stack (most recent call first):
  cmake/modules/RootMacros.cmake:1287 (ROOT_LINKER_LIBRARY)
  roofit/RDataFrameHelpers/CMakeLists.txt:18 (ROOT_STANDARD_LIBRARY_PACKAGE)


-- Generating done
CMake Generate step failed.  Build files cannot be regenerated correctly.

