oot [82] main()

 *** Break *** segmentation violation



===========================================================
There was a crash.
This is the entire stack trace of all threads:
===========================================================
#0  0x00007ff7c1ee6dba in __GI___wait4 (pid=23808, stat_loc=stat_loc
entry=0x7ffea209fd68, options=options
entry=0, usage=usage
entry=0x0) at ../sysdeps/unix/sysv/linux/wait4.c:27
#1  0x00007ff7c1ee6d7b in __GI___waitpid (pid=<optimized out>, stat_loc=stat_loc
entry=0x7ffea209fd68, options=options
entry=0) at waitpid.c:38
#2  0x00007ff7c1e560e7 in do_system (line=<optimized out>) at ../sysdeps/posix/system.c:172
#3  0x00007ff7c25257ee in TUnixSystem::StackTrace() () from /media/sanjiban/Applications1/GSoC21/root-dev/install/lib/libCore.so
#4  0x00007ff7c2522675 in TUnixSystem::DispatchSignals(ESignals) () from /media/sanjiban/Applications1/GSoC21/root-dev/install/lib/libCore.so
#5  <signal handler called>
#6  0x00007ff7a7446177 in ?? ()
#7  0x00007ffea20a2a90 in ?? ()
#8  0x0000000000000000 in ?? ()
===========================================================


The lines below might hint at the cause of the crash.
You may get help by asking at the ROOT forum https://root.cern.ch/forum
Only if you are really convinced it is a bug in ROOT then please submit a
report at https://root.cern.ch/bugs Please post the ENTIRE stack trace
from above as an attachment in addition to anything else
that might help us fixing this issue.
===========================================================
#6  0x00007ff7a7446177 in ?? ()
#7  0x00007ffea20a2a90 in ?? ()
#8  0x0000000000000000 in ?? ()
===========================================================

